\BOOKMARK [0][-]{chapter.1}{\376\377\0001\000\040\000N\000a\000m\000e\000s\000p\000a\000c\000e\000\040\000I\000n\000d\000e\000x}{}% 1
\BOOKMARK [1][-]{section.1.1}{\376\377\0001\000.\0001\000\040\000P\000a\000c\000k\000a\000g\000e\000s}{chapter.1}% 2
\BOOKMARK [0][-]{chapter.2}{\376\377\0002\000\040\000H\000i\000e\000r\000a\000r\000c\000h\000i\000c\000a\000l\000\040\000I\000n\000d\000e\000x}{}% 3
\BOOKMARK [1][-]{section.2.1}{\376\377\0002\000.\0001\000\040\000C\000l\000a\000s\000s\000\040\000H\000i\000e\000r\000a\000r\000c\000h\000y}{chapter.2}% 4
\BOOKMARK [0][-]{chapter.3}{\376\377\0003\000\040\000C\000l\000a\000s\000s\000\040\000I\000n\000d\000e\000x}{}% 5
\BOOKMARK [1][-]{section.3.1}{\376\377\0003\000.\0001\000\040\000C\000l\000a\000s\000s\000\040\000L\000i\000s\000t}{chapter.3}% 6
\BOOKMARK [0][-]{chapter.4}{\376\377\0004\000\040\000F\000i\000l\000e\000\040\000I\000n\000d\000e\000x}{}% 7
\BOOKMARK [1][-]{section.4.1}{\376\377\0004\000.\0001\000\040\000F\000i\000l\000e\000\040\000L\000i\000s\000t}{chapter.4}% 8
\BOOKMARK [0][-]{chapter.5}{\376\377\0005\000\040\000N\000a\000m\000e\000s\000p\000a\000c\000e\000\040\000D\000o\000c\000u\000m\000e\000n\000t\000a\000t\000i\000o\000n}{}% 9
\BOOKMARK [1][-]{section.5.1}{\376\377\0005\000.\0001\000\040\000P\000a\000c\000k\000a\000g\000e\000\040\000a\000n\000a\000l\000y\000s\000i\000s}{chapter.5}% 10
\BOOKMARK [1][-]{section.5.2}{\376\377\0005\000.\0002\000\040\000P\000a\000c\000k\000a\000g\000e\000\040\000d\000a\000t\000a}{chapter.5}% 11
\BOOKMARK [1][-]{section.5.3}{\376\377\0005\000.\0003\000\040\000P\000a\000c\000k\000a\000g\000e\000\040\000f\000u\000n\000c\000t\000i\000o\000n\000s}{chapter.5}% 12
\BOOKMARK [1][-]{section.5.4}{\376\377\0005\000.\0004\000\040\000P\000a\000c\000k\000a\000g\000e\000\040\000g\000u\000i}{chapter.5}% 13
\BOOKMARK [0][-]{chapter.6}{\376\377\0006\000\040\000C\000l\000a\000s\000s\000\040\000D\000o\000c\000u\000m\000e\000n\000t\000a\000t\000i\000o\000n}{}% 14
\BOOKMARK [1][-]{section.6.1}{\376\377\0006\000.\0001\000\040\000V\000i\000a\000b\000i\000l\000i\000t\000y\000W\000i\000n\000d\000o\000w\000.\000C\000h\000a\000n\000n\000e\000l\000\040\000E\000n\000u\000m\000\040\000R\000e\000f\000e\000r\000e\000n\000c\000e}{chapter.6}% 15
\BOOKMARK [2][-]{subsection.6.1.1}{\376\377\0006\000.\0001\000.\0001\000\040\000D\000e\000t\000a\000i\000l\000e\000d\000\040\000D\000e\000s\000c\000r\000i\000p\000t\000i\000o\000n}{section.6.1}% 16
\BOOKMARK [2][-]{subsection.6.1.2}{\376\377\0006\000.\0001\000.\0002\000\040\000M\000e\000m\000b\000e\000r\000\040\000D\000a\000t\000a\000\040\000D\000o\000c\000u\000m\000e\000n\000t\000a\000t\000i\000o\000n}{section.6.1}% 17
\BOOKMARK [3][-]{subsubsection.6.1.2.1}{\376\377\0006\000.\0001\000.\0002\000.\0001\000\040\000B\000L\000U\000E}{subsection.6.1.2}% 18
\BOOKMARK [3][-]{subsubsection.6.1.2.2}{\376\377\0006\000.\0001\000.\0002\000.\0002\000\040\000G\000R\000E\000E\000N}{subsection.6.1.2}% 19
\BOOKMARK [3][-]{subsubsection.6.1.2.3}{\376\377\0006\000.\0001\000.\0002\000.\0003\000\040\000N\000O\000N\000E}{subsection.6.1.2}% 20
\BOOKMARK [3][-]{subsubsection.6.1.2.4}{\376\377\0006\000.\0001\000.\0002\000.\0004\000\040\000R\000E\000D}{subsection.6.1.2}% 21
\BOOKMARK [1][-]{section.6.2}{\376\377\0006\000.\0002\000\040\000C\000h\000e\000m\000o\000t\000a\000x\000i\000s\000\040\000C\000l\000a\000s\000s\000\040\000R\000e\000f\000e\000r\000e\000n\000c\000e}{chapter.6}% 22
\BOOKMARK [2][-]{subsection.6.2.1}{\376\377\0006\000.\0002\000.\0001\000\040\000D\000e\000t\000a\000i\000l\000e\000d\000\040\000D\000e\000s\000c\000r\000i\000p\000t\000i\000o\000n}{section.6.2}% 23
\BOOKMARK [2][-]{subsection.6.2.2}{\376\377\0006\000.\0002\000.\0002\000\040\000M\000e\000m\000b\000e\000r\000\040\000F\000u\000n\000c\000t\000i\000o\000n\000\040\000D\000o\000c\000u\000m\000e\000n\000t\000a\000t\000i\000o\000n}{section.6.2}% 24
\BOOKMARK [3][-]{subsubsection.6.2.2.1}{\376\377\0006\000.\0002\000.\0002\000.\0001\000\040\000a\000n\000a\000l\000y\000s\000e\000C\000o\000n\000d\000i\000t\000i\000o\000n\000\050\000\051}{subsection.6.2.2}% 25
\BOOKMARK [3][-]{subsubsection.6.2.2.2}{\376\377\0006\000.\0002\000.\0002\000.\0002\000\040\000a\000n\000a\000l\000y\000s\000e\000D\000i\000r\000e\000c\000t\000o\000r\000y\000\050\000\051}{subsection.6.2.2}% 26
\BOOKMARK [3][-]{subsubsection.6.2.2.3}{\376\377\0006\000.\0002\000.\0002\000.\0003\000\040\000a\000n\000a\000l\000y\000s\000e\000F\000i\000l\000e\000\050\000\051}{subsection.6.2.2}% 27
\BOOKMARK [3][-]{subsubsection.6.2.2.4}{\376\377\0006\000.\0002\000.\0002\000.\0004\000\040\000a\000n\000a\000l\000y\000s\000e\000S\000i\000m\000u\000l\000a\000t\000i\000o\000n\000s\000\050\000\051}{subsection.6.2.2}% 28
\BOOKMARK [3][-]{subsubsection.6.2.2.5}{\376\377\0006\000.\0002\000.\0002\000.\0005\000\040\000b\000o\000o\000t\000s\000t\000r\000a\000p\000p\000i\000n\000g\000A\000n\000a\000l\000y\000s\000i\000s\000\050\000\051}{subsection.6.2.2}% 29
\BOOKMARK [3][-]{subsubsection.6.2.2.6}{\376\377\0006\000.\0002\000.\0002\000.\0006\000\040\000c\000a\000l\000c\000u\000l\000a\000t\000e\000C\000h\000I\000n\000d\000e\000x\000\050\000\051}{subsection.6.2.2}% 30
\BOOKMARK [3][-]{subsubsection.6.2.2.7}{\376\377\0006\000.\0002\000.\0002\000.\0007\000\040\000c\000a\000l\000c\000u\000l\000a\000t\000e\000S\000L\000I\000n\000d\000e\000x\000\050\000\051}{subsection.6.2.2}% 31
\BOOKMARK [3][-]{subsubsection.6.2.2.8}{\376\377\0006\000.\0002\000.\0002\000.\0008\000\040\000c\000h\000e\000c\000k\000P\000a\000i\000r\000s\000\050\000\051}{subsection.6.2.2}% 32
\BOOKMARK [3][-]{subsubsection.6.2.2.9}{\376\377\0006\000.\0002\000.\0002\000.\0009\000\040\000c\000i\000r\000c\000u\000l\000a\000r\000H\000i\000s\000t\000o\000g\000r\000a\000m\000\050\000\051}{subsection.6.2.2}% 33
\BOOKMARK [3][-]{subsubsection.6.2.2.10}{\376\377\0006\000.\0002\000.\0002\000.\0001\0000\000\040\000c\000o\000u\000n\000t\000A\000n\000g\000l\000e\000s\000\050\000\051}{subsection.6.2.2}% 34
\BOOKMARK [3][-]{subsubsection.6.2.2.11}{\376\377\0006\000.\0002\000.\0002\000.\0001\0001\000\040\000c\000o\000u\000n\000t\000I\000n\000s\000t\000a\000n\000t\000D\000i\000s\000p\000l\000a\000c\000e\000m\000e\000n\000t\000s\000\050\000\051}{subsection.6.2.2}% 35
\BOOKMARK [3][-]{subsubsection.6.2.2.12}{\376\377\0006\000.\0002\000.\0002\000.\0001\0002\000\040\000d\000o\000I\000n\000B\000a\000c\000k\000g\000r\000o\000u\000n\000d\000\050\000\051}{subsection.6.2.2}% 36
\BOOKMARK [3][-]{subsubsection.6.2.2.13}{\376\377\0006\000.\0002\000.\0002\000.\0001\0003\000\040\000d\000o\000n\000e\000\050\000\051}{subsection.6.2.2}% 37
\BOOKMARK [3][-]{subsubsection.6.2.2.14}{\376\377\0006\000.\0002\000.\0002\000.\0001\0004\000\040\000d\000r\000a\000w\000R\000e\000s\000u\000l\000t\000s\000\050\000\051}{subsection.6.2.2}% 38
\BOOKMARK [3][-]{subsubsection.6.2.2.15}{\376\377\0006\000.\0002\000.\0002\000.\0001\0005\000\040\000f\000i\000n\000d\000T\000r\000i\000a\000l\000\050\000\051}{subsection.6.2.2}% 39
\BOOKMARK [3][-]{subsubsection.6.2.2.16}{\376\377\0006\000.\0002\000.\0002\000.\0001\0006\000\040\000g\000e\000t\000C\000o\000n\000t\000r\000o\000l\000T\000r\000i\000a\000l\000s\000\050\000\051}{subsection.6.2.2}% 40
\BOOKMARK [3][-]{subsubsection.6.2.2.17}{\376\377\0006\000.\0002\000.\0002\000.\0001\0007\000\040\000g\000e\000t\000L\000i\000s\000t\000O\000f\000A\000n\000g\000l\000e\000s\000\050\000\051}{subsection.6.2.2}% 41
\BOOKMARK [3][-]{subsubsection.6.2.2.18}{\376\377\0006\000.\0002\000.\0002\000.\0001\0008\000\040\000g\000e\000t\000O\000d\000d\000s\000V\000a\000l\000u\000e\000s\000\050\000\051}{subsection.6.2.2}% 42
\BOOKMARK [3][-]{subsubsection.6.2.2.19}{\376\377\0006\000.\0002\000.\0002\000.\0001\0009\000\040\000g\000e\000t\000T\000e\000s\000t\000F\000o\000l\000d\000e\000r\000s\000\050\000\051}{subsection.6.2.2}% 43
\BOOKMARK [3][-]{subsubsection.6.2.2.20}{\376\377\0006\000.\0002\000.\0002\000.\0002\0000\000\040\000g\000e\000t\000T\000r\000i\000a\000l\000s\000\050\000\051}{subsection.6.2.2}% 44
\BOOKMARK [3][-]{subsubsection.6.2.2.21}{\376\377\0006\000.\0002\000.\0002\000.\0002\0001\000\040\000i\000n\000d\000e\000x\000e\000s\000A\000n\000a\000l\000y\000s\000i\000s\000\050\000\051}{subsection.6.2.2}% 45
\BOOKMARK [3][-]{subsubsection.6.2.2.22}{\376\377\0006\000.\0002\000.\0002\000.\0002\0002\000\040\000m\000e\000r\000g\000e\000T\000r\000a\000c\000k\000s\000\050\000\051}{subsection.6.2.2}% 46
\BOOKMARK [3][-]{subsubsection.6.2.2.23}{\376\377\0006\000.\0002\000.\0002\000.\0002\0003\000\040\000m\000i\000n\000S\000a\000m\000p\000l\000e\000S\000i\000z\000e\000\050\000\051}{subsection.6.2.2}% 47
\BOOKMARK [3][-]{subsubsection.6.2.2.24}{\376\377\0006\000.\0002\000.\0002\000.\0002\0004\000\040\000o\000r\000\050\000\051}{subsection.6.2.2}% 48
\BOOKMARK [3][-]{subsubsection.6.2.2.25}{\376\377\0006\000.\0002\000.\0002\000.\0002\0005\000\040\000o\000r\000T\000h\000r\000e\000s\000h\000o\000l\000d\000\050\000\051}{subsection.6.2.2}% 49
\BOOKMARK [3][-]{subsubsection.6.2.2.26}{\376\377\0006\000.\0002\000.\0002\000.\0002\0006\000\040\000r\000e\000l\000a\000t\000i\000v\000e\000A\000n\000g\000l\000e\000\050\000\051}{subsection.6.2.2}% 50
\BOOKMARK [3][-]{subsubsection.6.2.2.27}{\376\377\0006\000.\0002\000.\0002\000.\0002\0007\000\040\000s\000e\000l\000e\000c\000t\000A\000n\000a\000l\000y\000s\000i\000s\000\050\000\051}{subsection.6.2.2}% 51
\BOOKMARK [3][-]{subsubsection.6.2.2.28}{\376\377\0006\000.\0002\000.\0002\000.\0002\0008\000\040\000s\000e\000t\000B\000o\000o\000t\000s\000t\000r\000a\000p\000p\000i\000n\000g\000R\000e\000s\000u\000l\000t\000s\000\050\000\051}{subsection.6.2.2}% 52
\BOOKMARK [3][-]{subsubsection.6.2.2.29}{\376\377\0006\000.\0002\000.\0002\000.\0002\0009\000\040\000s\000e\000t\000I\000n\000d\000e\000x\000e\000s\000R\000e\000s\000u\000l\000t\000s\000\050\000\051}{subsection.6.2.2}% 53
\BOOKMARK [2][-]{subsection.6.2.3}{\376\377\0006\000.\0002\000.\0003\000\040\000M\000e\000m\000b\000e\000r\000\040\000D\000a\000t\000a\000\040\000D\000o\000c\000u\000m\000e\000n\000t\000a\000t\000i\000o\000n}{section.6.2}% 54
\BOOKMARK [3][-]{subsubsection.6.2.3.1}{\376\377\0006\000.\0002\000.\0003\000.\0001\000\040\000a\000n\000a\000l\000y\000s\000i\000s}{subsection.6.2.3}% 55
\BOOKMARK [1][-]{section.6.3}{\376\377\0006\000.\0003\000\040\000C\000o\000m\000p\000u\000t\000e\000r\000V\000i\000s\000i\000o\000n\000\040\000C\000l\000a\000s\000s\000\040\000R\000e\000f\000e\000r\000e\000n\000c\000e}{chapter.6}% 56
\BOOKMARK [2][-]{subsection.6.3.1}{\376\377\0006\000.\0003\000.\0001\000\040\000D\000e\000t\000a\000i\000l\000e\000d\000\040\000D\000e\000s\000c\000r\000i\000p\000t\000i\000o\000n}{section.6.3}% 57
\BOOKMARK [2][-]{subsection.6.3.2}{\376\377\0006\000.\0003\000.\0002\000\040\000M\000e\000m\000b\000e\000r\000\040\000F\000u\000n\000c\000t\000i\000o\000n\000\040\000D\000o\000c\000u\000m\000e\000n\000t\000a\000t\000i\000o\000n}{section.6.3}% 58
\BOOKMARK [3][-]{subsubsection.6.3.2.1}{\376\377\0006\000.\0003\000.\0002\000.\0001\000\040\000a\000u\000t\000o\000T\000h\000r\000e\000s\000h\000o\000l\000d\000I\000m\000a\000g\000e\000P\000l\000u\000s\000\050\000\051\000\040\000[\0001\000/\0002\000]}{subsection.6.3.2}% 59
\BOOKMARK [3][-]{subsubsection.6.3.2.2}{\376\377\0006\000.\0003\000.\0002\000.\0002\000\040\000a\000u\000t\000o\000T\000h\000r\000e\000s\000h\000o\000l\000d\000I\000m\000a\000g\000e\000P\000l\000u\000s\000\050\000\051\000\040\000[\0002\000/\0002\000]}{subsection.6.3.2}% 60
\BOOKMARK [3][-]{subsubsection.6.3.2.3}{\376\377\0006\000.\0003\000.\0002\000.\0003\000\040\000c\000o\000n\000v\000e\000r\000t\000T\000o\000G\000r\000a\000y\000s\000c\000a\000l\000e\000\050\000\051}{subsection.6.3.2}% 61
\BOOKMARK [3][-]{subsubsection.6.3.2.4}{\376\377\0006\000.\0003\000.\0002\000.\0004\000\040\000c\000o\000n\000v\000e\000r\000t\000T\000o\000R\000G\000B\000\050\000\051}{subsection.6.3.2}% 62
\BOOKMARK [3][-]{subsubsection.6.3.2.5}{\376\377\0006\000.\0003\000.\0002\000.\0005\000\040\000g\000e\000t\000B\000l\000u\000e\000C\000h\000a\000n\000n\000e\000l\000\050\000\051}{subsection.6.3.2}% 63
\BOOKMARK [3][-]{subsubsection.6.3.2.6}{\376\377\0006\000.\0003\000.\0002\000.\0006\000\040\000g\000e\000t\000G\000r\000e\000e\000n\000C\000h\000a\000n\000n\000e\000l\000\050\000\051}{subsection.6.3.2}% 64
\BOOKMARK [3][-]{subsubsection.6.3.2.7}{\376\377\0006\000.\0003\000.\0002\000.\0007\000\040\000g\000e\000t\000M\000e\000a\000n\000G\000r\000a\000y\000V\000a\000l\000u\000e\000\050\000\051}{subsection.6.3.2}% 65
\BOOKMARK [3][-]{subsubsection.6.3.2.8}{\376\377\0006\000.\0003\000.\0002\000.\0008\000\040\000g\000e\000t\000R\000e\000d\000C\000h\000a\000n\000n\000e\000l\000\050\000\051}{subsection.6.3.2}% 66
\BOOKMARK [3][-]{subsubsection.6.3.2.9}{\376\377\0006\000.\0003\000.\0002\000.\0009\000\040\000o\000u\000t\000l\000i\000n\000e\000T\000h\000r\000e\000s\000h\000o\000l\000d\000I\000m\000a\000g\000e\000\050\000\051}{subsection.6.3.2}% 67
\BOOKMARK [3][-]{subsubsection.6.3.2.10}{\376\377\0006\000.\0003\000.\0002\000.\0001\0000\000\040\000t\000h\000r\000e\000s\000h\000o\000l\000d\000I\000m\000a\000g\000e\000P\000l\000u\000s\000\050\000\051}{subsection.6.3.2}% 68
\BOOKMARK [3][-]{subsubsection.6.3.2.11}{\376\377\0006\000.\0003\000.\0002\000.\0001\0001\000\040\000t\000h\000r\000e\000s\000h\000o\000l\000d\000I\000m\000a\000g\000e\000P\000r\000o\000c\000e\000s\000s\000o\000r\000\050\000\051}{subsection.6.3.2}% 69
\BOOKMARK [3][-]{subsubsection.6.3.2.12}{\376\377\0006\000.\0003\000.\0002\000.\0001\0002\000\040\000t\000h\000r\000e\000s\000h\000o\000l\000d\000S\000t\000a\000c\000k\000\050\000\051}{subsection.6.3.2}% 70
\BOOKMARK [1][-]{section.6.4}{\376\377\0006\000.\0004\000\040\000F\000i\000l\000e\000M\000a\000n\000a\000g\000e\000r\000\040\000C\000l\000a\000s\000s\000\040\000R\000e\000f\000e\000r\000e\000n\000c\000e}{chapter.6}% 71
\BOOKMARK [2][-]{subsection.6.4.1}{\376\377\0006\000.\0004\000.\0001\000\040\000D\000e\000t\000a\000i\000l\000e\000d\000\040\000D\000e\000s\000c\000r\000i\000p\000t\000i\000o\000n}{section.6.4}% 72
\BOOKMARK [2][-]{subsection.6.4.2}{\376\377\0006\000.\0004\000.\0002\000\040\000C\000o\000n\000s\000t\000r\000u\000c\000t\000o\000r\000\040\000\046\000\040\000D\000e\000s\000t\000r\000u\000c\000t\000o\000r\000\040\000D\000o\000c\000u\000m\000e\000n\000t\000a\000t\000i\000o\000n}{section.6.4}% 73
\BOOKMARK [3][-]{subsubsection.6.4.2.1}{\376\377\0006\000.\0004\000.\0002\000.\0001\000\040\000F\000i\000l\000e\000M\000a\000n\000a\000g\000e\000r\000\050\000\051}{subsection.6.4.2}% 74
\BOOKMARK [2][-]{subsection.6.4.3}{\376\377\0006\000.\0004\000.\0003\000\040\000M\000e\000m\000b\000e\000r\000\040\000F\000u\000n\000c\000t\000i\000o\000n\000\040\000D\000o\000c\000u\000m\000e\000n\000t\000a\000t\000i\000o\000n}{section.6.4}% 75
\BOOKMARK [3][-]{subsubsection.6.4.3.1}{\376\377\0006\000.\0004\000.\0003\000.\0001\000\040\000g\000e\000t\000A\000V\000I\000\050\000\051}{subsection.6.4.3}% 76
\BOOKMARK [3][-]{subsubsection.6.4.3.2}{\376\377\0006\000.\0004\000.\0003\000.\0002\000\040\000g\000e\000t\000C\000o\000n\000t\000e\000n\000t\000\050\000\051}{subsection.6.4.3}% 77
\BOOKMARK [3][-]{subsubsection.6.4.3.3}{\376\377\0006\000.\0004\000.\0003\000.\0003\000\040\000g\000e\000t\000F\000i\000l\000e\000n\000a\000m\000e\000\050\000\051}{subsection.6.4.3}% 78
\BOOKMARK [3][-]{subsubsection.6.4.3.4}{\376\377\0006\000.\0004\000.\0003\000.\0004\000\040\000g\000e\000t\000F\000i\000l\000e\000s\000\050\000\051}{subsection.6.4.3}% 79
\BOOKMARK [3][-]{subsubsection.6.4.3.5}{\376\377\0006\000.\0004\000.\0003\000.\0005\000\040\000g\000e\000t\000P\000a\000r\000e\000n\000t\000D\000i\000r\000e\000c\000t\000o\000r\000y\000\050\000\051}{subsection.6.4.3}% 80
\BOOKMARK [3][-]{subsubsection.6.4.3.6}{\376\377\0006\000.\0004\000.\0003\000.\0006\000\040\000g\000e\000t\000S\000u\000b\000f\000o\000l\000d\000e\000r\000s\000\050\000\051}{subsection.6.4.3}% 81
\BOOKMARK [3][-]{subsubsection.6.4.3.7}{\376\377\0006\000.\0004\000.\0003\000.\0007\000\040\000i\000s\000A\000V\000I\000\050\000\051}{subsection.6.4.3}% 82
\BOOKMARK [3][-]{subsubsection.6.4.3.8}{\376\377\0006\000.\0004\000.\0003\000.\0008\000\040\000l\000o\000a\000d\000I\000m\000a\000g\000e\000D\000i\000r\000e\000c\000t\000o\000r\000y\000\050\000\051\000\040\000[\0001\000/\0002\000]}{subsection.6.4.3}% 83
\BOOKMARK [3][-]{subsubsection.6.4.3.9}{\376\377\0006\000.\0004\000.\0003\000.\0009\000\040\000l\000o\000a\000d\000I\000m\000a\000g\000e\000D\000i\000r\000e\000c\000t\000o\000r\000y\000\050\000\051\000\040\000[\0002\000/\0002\000]}{subsection.6.4.3}% 84
\BOOKMARK [3][-]{subsubsection.6.4.3.10}{\376\377\0006\000.\0004\000.\0003\000.\0001\0000\000\040\000l\000o\000a\000d\000I\000m\000a\000g\000e\000F\000i\000l\000e\000\050\000\051}{subsection.6.4.3}% 85
\BOOKMARK [3][-]{subsubsection.6.4.3.11}{\376\377\0006\000.\0004\000.\0003\000.\0001\0001\000\040\000r\000e\000m\000o\000v\000e\000E\000x\000t\000e\000n\000s\000i\000o\000n\000\050\000\051}{subsection.6.4.3}% 86
\BOOKMARK [3][-]{subsubsection.6.4.3.12}{\376\377\0006\000.\0004\000.\0003\000.\0001\0002\000\040\000s\000e\000l\000e\000c\000t\000F\000i\000l\000e\000\050\000\051}{subsection.6.4.3}% 87
\BOOKMARK [3][-]{subsubsection.6.4.3.13}{\376\377\0006\000.\0004\000.\0003\000.\0001\0003\000\040\000s\000e\000l\000e\000c\000t\000F\000o\000l\000d\000e\000r\000\050\000\051}{subsection.6.4.3}% 88
\BOOKMARK [1][-]{section.6.5}{\376\377\0006\000.\0005\000\040\000I\000m\000a\000g\000e\000A\000n\000a\000l\000y\000s\000i\000s\000W\000i\000n\000d\000o\000w\000\040\000C\000l\000a\000s\000s\000\040\000R\000e\000f\000e\000r\000e\000n\000c\000e}{chapter.6}% 89
\BOOKMARK [2][-]{subsection.6.5.1}{\376\377\0006\000.\0005\000.\0001\000\040\000D\000e\000t\000a\000i\000l\000e\000d\000\040\000D\000e\000s\000c\000r\000i\000p\000t\000i\000o\000n}{section.6.5}% 90
\BOOKMARK [2][-]{subsection.6.5.2}{\376\377\0006\000.\0005\000.\0002\000\040\000C\000o\000n\000s\000t\000r\000u\000c\000t\000o\000r\000\040\000\046\000\040\000D\000e\000s\000t\000r\000u\000c\000t\000o\000r\000\040\000D\000o\000c\000u\000m\000e\000n\000t\000a\000t\000i\000o\000n}{section.6.5}% 91
\BOOKMARK [3][-]{subsubsection.6.5.2.1}{\376\377\0006\000.\0005\000.\0002\000.\0001\000\040\000I\000m\000a\000g\000e\000A\000n\000a\000l\000y\000s\000i\000s\000W\000i\000n\000d\000o\000w\000\050\000\051}{subsection.6.5.2}% 92
\BOOKMARK [2][-]{subsection.6.5.3}{\376\377\0006\000.\0005\000.\0003\000\040\000M\000e\000m\000b\000e\000r\000\040\000F\000u\000n\000c\000t\000i\000o\000n\000\040\000D\000o\000c\000u\000m\000e\000n\000t\000a\000t\000i\000o\000n}{section.6.5}% 93
\BOOKMARK [3][-]{subsubsection.6.5.3.1}{\376\377\0006\000.\0005\000.\0003\000.\0001\000\040\000a\000n\000a\000l\000y\000s\000e\000D\000i\000r\000e\000c\000t\000o\000r\000y\000\050\000\051}{subsection.6.5.3}% 94
\BOOKMARK [3][-]{subsubsection.6.5.3.2}{\376\377\0006\000.\0005\000.\0003\000.\0002\000\040\000a\000n\000a\000l\000y\000s\000e\000F\000i\000l\000e\000\050\000\051}{subsection.6.5.3}% 95
\BOOKMARK [3][-]{subsubsection.6.5.3.3}{\376\377\0006\000.\0005\000.\0003\000.\0003\000\040\000c\000o\000n\000f\000i\000g\000u\000r\000e\000S\000l\000i\000d\000e\000r\000B\000a\000r\000\050\000\051}{subsection.6.5.3}% 96
\BOOKMARK [3][-]{subsubsection.6.5.3.4}{\376\377\0006\000.\0005\000.\0003\000.\0004\000\040\000d\000e\000s\000e\000l\000e\000c\000t\000A\000l\000l\000\050\000\051}{subsection.6.5.3}% 97
\BOOKMARK [3][-]{subsubsection.6.5.3.5}{\376\377\0006\000.\0005\000.\0003\000.\0005\000\040\000d\000r\000a\000w\000I\000m\000a\000g\000e\000\050\000\051}{subsection.6.5.3}% 98
\BOOKMARK [3][-]{subsubsection.6.5.3.6}{\376\377\0006\000.\0005\000.\0003\000.\0006\000\040\000g\000e\000n\000e\000r\000i\000c\000R\000a\000d\000i\000o\000B\000u\000t\000t\000o\000n\000s\000A\000c\000t\000i\000o\000n\000\050\000\051}{subsection.6.5.3}% 99
\BOOKMARK [3][-]{subsubsection.6.5.3.7}{\376\377\0006\000.\0005\000.\0003\000.\0007\000\040\000i\000d\000e\000n\000f\000i\000t\000y\000S\000p\000e\000r\000m\000\050\000\051}{subsection.6.5.3}% 100
\BOOKMARK [3][-]{subsubsection.6.5.3.8}{\376\377\0006\000.\0005\000.\0003\000.\0008\000\040\000i\000n\000i\000t\000I\000m\000a\000g\000e\000\050\000\051}{subsection.6.5.3}% 101
\BOOKMARK [3][-]{subsubsection.6.5.3.9}{\376\377\0006\000.\0005\000.\0003\000.\0009\000\040\000n\000e\000x\000t\000A\000c\000t\000i\000o\000n\000\050\000\051}{subsection.6.5.3}% 102
\BOOKMARK [3][-]{subsubsection.6.5.3.10}{\376\377\0006\000.\0005\000.\0003\000.\0001\0000\000\040\000p\000r\000e\000v\000i\000o\000u\000s\000A\000c\000t\000i\000o\000n\000\050\000\051}{subsection.6.5.3}% 103
\BOOKMARK [3][-]{subsubsection.6.5.3.11}{\376\377\0006\000.\0005\000.\0003\000.\0001\0001\000\040\000p\000r\000o\000c\000e\000s\000s\000I\000m\000a\000g\000e\000\050\000\051}{subsection.6.5.3}% 104
\BOOKMARK [3][-]{subsubsection.6.5.3.12}{\376\377\0006\000.\0005\000.\0003\000.\0001\0002\000\040\000r\000e\000s\000e\000t\000\050\000\051}{subsection.6.5.3}% 105
\BOOKMARK [3][-]{subsubsection.6.5.3.13}{\376\377\0006\000.\0005\000.\0003\000.\0001\0003\000\040\000r\000u\000n\000\050\000\051}{subsection.6.5.3}% 106
\BOOKMARK [3][-]{subsubsection.6.5.3.14}{\376\377\0006\000.\0005\000.\0003\000.\0001\0004\000\040\000s\000e\000l\000e\000c\000t\000A\000l\000l\000\050\000\051\000\040\000[\0001\000/\0002\000]}{subsection.6.5.3}% 107
\BOOKMARK [3][-]{subsubsection.6.5.3.15}{\376\377\0006\000.\0005\000.\0003\000.\0001\0005\000\040\000s\000e\000l\000e\000c\000t\000A\000l\000l\000\050\000\051\000\040\000[\0002\000/\0002\000]}{subsection.6.5.3}% 108
\BOOKMARK [3][-]{subsubsection.6.5.3.16}{\376\377\0006\000.\0005\000.\0003\000.\0001\0006\000\040\000s\000e\000l\000e\000c\000t\000A\000n\000a\000l\000y\000s\000i\000s\000\050\000\051}{subsection.6.5.3}% 109
\BOOKMARK [3][-]{subsubsection.6.5.3.17}{\376\377\0006\000.\0005\000.\0003\000.\0001\0007\000\040\000s\000e\000t\000C\000h\000a\000n\000g\000e\000L\000i\000s\000t\000e\000n\000e\000r\000\050\000\051}{subsection.6.5.3}% 110
\BOOKMARK [3][-]{subsubsection.6.5.3.18}{\376\377\0006\000.\0005\000.\0003\000.\0001\0008\000\040\000s\000e\000t\000I\000m\000a\000g\000e\000\050\000\051\000\040\000[\0001\000/\0002\000]}{subsection.6.5.3}% 111
\BOOKMARK [3][-]{subsubsection.6.5.3.19}{\376\377\0006\000.\0005\000.\0003\000.\0001\0009\000\040\000s\000e\000t\000I\000m\000a\000g\000e\000\050\000\051\000\040\000[\0002\000/\0002\000]}{subsection.6.5.3}% 112
\BOOKMARK [3][-]{subsubsection.6.5.3.20}{\376\377\0006\000.\0005\000.\0003\000.\0002\0000\000\040\000s\000e\000t\000I\000m\000a\000g\000e\000s\000\050\000\051}{subsection.6.5.3}% 113
\BOOKMARK [3][-]{subsubsection.6.5.3.21}{\376\377\0006\000.\0005\000.\0003\000.\0002\0001\000\040\000s\000e\000t\000M\000o\000u\000s\000e\000L\000i\000s\000t\000e\000n\000e\000r\000\050\000\051}{subsection.6.5.3}% 114
\BOOKMARK [3][-]{subsubsection.6.5.3.22}{\376\377\0006\000.\0005\000.\0003\000.\0002\0002\000\040\000s\000e\000t\000R\000a\000w\000I\000m\000a\000g\000e\000\050\000\051}{subsection.6.5.3}% 115
\BOOKMARK [3][-]{subsubsection.6.5.3.23}{\376\377\0006\000.\0005\000.\0003\000.\0002\0003\000\040\000s\000e\000t\000R\000e\000s\000i\000z\000e\000F\000a\000c\000t\000o\000r\000\050\000\051}{subsection.6.5.3}% 116
\BOOKMARK [3][-]{subsubsection.6.5.3.24}{\376\377\0006\000.\0005\000.\0003\000.\0002\0004\000\040\000s\000e\000t\000S\000l\000i\000d\000e\000r\000s\000A\000u\000t\000o\000T\000h\000r\000e\000s\000h\000o\000l\000d\000\050\000\051}{subsection.6.5.3}% 117
\BOOKMARK [3][-]{subsubsection.6.5.3.25}{\376\377\0006\000.\0005\000.\0003\000.\0002\0005\000\040\000s\000h\000o\000w\000W\000i\000n\000d\000o\000w\000\050\000\051}{subsection.6.5.3}% 118
\BOOKMARK [3][-]{subsubsection.6.5.3.26}{\376\377\0006\000.\0005\000.\0003\000.\0002\0006\000\040\000t\000h\000r\000e\000s\000h\000o\000l\000d\000I\000m\000a\000g\000e\000P\000l\000u\000s\000\050\000\051}{subsection.6.5.3}% 119
\BOOKMARK [2][-]{subsection.6.5.4}{\376\377\0006\000.\0005\000.\0004\000\040\000M\000e\000m\000b\000e\000r\000\040\000D\000a\000t\000a\000\040\000D\000o\000c\000u\000m\000e\000n\000t\000a\000t\000i\000o\000n}{section.6.5}% 120
\BOOKMARK [3][-]{subsubsection.6.5.4.1}{\376\377\0006\000.\0005\000.\0004\000.\0001\000\040\000a\000n\000a\000l\000y\000s\000i\000s}{subsection.6.5.4}% 121
\BOOKMARK [3][-]{subsubsection.6.5.4.2}{\376\377\0006\000.\0005\000.\0004\000.\0002\000\040\000b\000l\000u\000e\000T\000h\000r\000e\000s\000h\000o\000l\000d}{subsection.6.5.4}% 122
\BOOKMARK [3][-]{subsubsection.6.5.4.3}{\376\377\0006\000.\0005\000.\0004\000.\0003\000\040\000b\000t\000n\000G\000r\000o\000u\000p}{subsection.6.5.4}% 123
\BOOKMARK [3][-]{subsubsection.6.5.4.4}{\376\377\0006\000.\0005\000.\0004\000.\0004\000\040\000b\000t\000n\000M\000i\000n\000i\000m\000u\000m}{subsection.6.5.4}% 124
\BOOKMARK [3][-]{subsubsection.6.5.4.5}{\376\377\0006\000.\0005\000.\0004\000.\0005\000\040\000b\000t\000n\000O\000t\000s\000u}{subsection.6.5.4}% 125
\BOOKMARK [3][-]{subsubsection.6.5.4.6}{\376\377\0006\000.\0005\000.\0004\000.\0006\000\040\000g\000r\000e\000e\000n\000T\000h\000r\000e\000s\000h\000o\000l\000d}{subsection.6.5.4}% 126
\BOOKMARK [3][-]{subsubsection.6.5.4.7}{\376\377\0006\000.\0005\000.\0004\000.\0007\000\040\000i\000m\000a\000g\000e\000s}{subsection.6.5.4}% 127
\BOOKMARK [3][-]{subsubsection.6.5.4.8}{\376\377\0006\000.\0005\000.\0004\000.\0008\000\040\000i\000m\000g\000I\000n\000d\000e\000x}{subsection.6.5.4}% 128
\BOOKMARK [3][-]{subsubsection.6.5.4.9}{\376\377\0006\000.\0005\000.\0004\000.\0009\000\040\000i\000m\000g\000L\000a\000b\000e\000l}{subsection.6.5.4}% 129
\BOOKMARK [3][-]{subsubsection.6.5.4.10}{\376\377\0006\000.\0005\000.\0004\000.\0001\0000\000\040\000i\000m\000p\000D\000r\000a\000w}{subsection.6.5.4}% 130
\BOOKMARK [3][-]{subsubsection.6.5.4.11}{\376\377\0006\000.\0005\000.\0004\000.\0001\0001\000\040\000i\000m\000p\000G\000r\000a\000y}{subsection.6.5.4}% 131
\BOOKMARK [3][-]{subsubsection.6.5.4.12}{\376\377\0006\000.\0005\000.\0004\000.\0001\0002\000\040\000i\000m\000p\000O\000r\000i\000g}{subsection.6.5.4}% 132
\BOOKMARK [3][-]{subsubsection.6.5.4.13}{\376\377\0006\000.\0005\000.\0004\000.\0001\0003\000\040\000i\000m\000p\000O\000u\000t\000l\000i\000n\000e}{subsection.6.5.4}% 133
\BOOKMARK [3][-]{subsubsection.6.5.4.14}{\376\377\0006\000.\0005\000.\0004\000.\0001\0004\000\040\000i\000m\000p\000T\000h}{subsection.6.5.4}% 134
\BOOKMARK [3][-]{subsubsection.6.5.4.15}{\376\377\0006\000.\0005\000.\0004\000.\0001\0005\000\040\000n\000e\000x\000t\000B\000t\000n}{subsection.6.5.4}% 135
\BOOKMARK [3][-]{subsubsection.6.5.4.16}{\376\377\0006\000.\0005\000.\0004\000.\0001\0006\000\040\000p\000r\000e\000v\000B\000t\000n}{subsection.6.5.4}% 136
\BOOKMARK [3][-]{subsubsection.6.5.4.17}{\376\377\0006\000.\0005\000.\0004\000.\0001\0007\000\040\000r\000e\000d\000T\000h\000r\000e\000s\000h\000o\000l\000d}{subsection.6.5.4}% 137
\BOOKMARK [3][-]{subsubsection.6.5.4.18}{\376\377\0006\000.\0005\000.\0004\000.\0001\0008\000\040\000r\000e\000s\000i\000z\000e\000F\000a\000c\000t\000o\000r}{subsection.6.5.4}% 138
\BOOKMARK [3][-]{subsubsection.6.5.4.19}{\376\377\0006\000.\0005\000.\0004\000.\0001\0009\000\040\000s\000l\000d\000B\000l\000u\000e\000T\000h\000r\000e\000s\000h\000o\000l\000d}{subsection.6.5.4}% 139
\BOOKMARK [3][-]{subsubsection.6.5.4.20}{\376\377\0006\000.\0005\000.\0004\000.\0002\0000\000\040\000s\000l\000d\000G\000r\000e\000e\000n\000T\000h\000r\000e\000s\000h\000o\000l\000d}{subsection.6.5.4}% 140
\BOOKMARK [3][-]{subsubsection.6.5.4.21}{\376\377\0006\000.\0005\000.\0004\000.\0002\0001\000\040\000s\000l\000d\000R\000e\000d\000T\000h\000r\000e\000s\000h\000o\000l\000d}{subsection.6.5.4}% 141
\BOOKMARK [3][-]{subsubsection.6.5.4.22}{\376\377\0006\000.\0005\000.\0004\000.\0002\0002\000\040\000s\000l\000d\000T\000h\000r\000e\000s\000h\000o\000l\000d}{subsection.6.5.4}% 142
\BOOKMARK [3][-]{subsubsection.6.5.4.23}{\376\377\0006\000.\0005\000.\0004\000.\0002\0003\000\040\000s\000p\000e\000r\000m\000a\000t\000o\000z\000o\000a}{subsection.6.5.4}% 143
\BOOKMARK [3][-]{subsubsection.6.5.4.24}{\376\377\0006\000.\0005\000.\0004\000.\0002\0004\000\040\000t\000h\000r\000e\000s\000h\000o\000l\000d}{subsection.6.5.4}% 144
\BOOKMARK [3][-]{subsubsection.6.5.4.25}{\376\377\0006\000.\0005\000.\0004\000.\0002\0005\000\040\000t\000h\000r\000e\000s\000h\000o\000l\000d\000M\000e\000t\000h\000o\000d}{subsection.6.5.4}% 145
\BOOKMARK [3][-]{subsubsection.6.5.4.26}{\376\377\0006\000.\0005\000.\0004\000.\0002\0006\000\040\000t\000i\000t\000l\000e}{subsection.6.5.4}% 146
\BOOKMARK [3][-]{subsubsection.6.5.4.27}{\376\377\0006\000.\0005\000.\0004\000.\0002\0007\000\040\000x\000F\000a\000c\000t\000o\000r}{subsection.6.5.4}% 147
\BOOKMARK [3][-]{subsubsection.6.5.4.28}{\376\377\0006\000.\0005\000.\0004\000.\0002\0008\000\040\000y\000F\000a\000c\000t\000o\000r}{subsection.6.5.4}% 148
\BOOKMARK [1][-]{section.6.6}{\376\377\0006\000.\0006\000\040\000K\000i\000n\000e\000m\000a\000t\000i\000c\000s\000\040\000C\000l\000a\000s\000s\000\040\000R\000e\000f\000e\000r\000e\000n\000c\000e}{chapter.6}% 149
\BOOKMARK [2][-]{subsection.6.6.1}{\376\377\0006\000.\0006\000.\0001\000\040\000D\000e\000t\000a\000i\000l\000e\000d\000\040\000D\000e\000s\000c\000r\000i\000p\000t\000i\000o\000n}{section.6.6}% 150
\BOOKMARK [2][-]{subsection.6.6.2}{\376\377\0006\000.\0006\000.\0002\000\040\000M\000e\000m\000b\000e\000r\000\040\000F\000u\000n\000c\000t\000i\000o\000n\000\040\000D\000o\000c\000u\000m\000e\000n\000t\000a\000t\000i\000o\000n}{section.6.6}% 151
\BOOKMARK [3][-]{subsubsection.6.6.2.1}{\376\377\0006\000.\0006\000.\0002\000.\0001\000\040\000a\000l\000h\000\050\000\051}{subsection.6.6.2}% 152
\BOOKMARK [3][-]{subsubsection.6.6.2.2}{\376\377\0006\000.\0006\000.\0002\000.\0002\000\040\000b\000c\000f\000\050\000\051}{subsection.6.6.2}% 153
\BOOKMARK [3][-]{subsubsection.6.6.2.3}{\376\377\0006\000.\0006\000.\0002\000.\0003\000\040\000g\000e\000t\000V\000e\000l\000o\000c\000i\000t\000y\000T\000r\000a\000c\000k\000T\000y\000p\000e\000\050\000\051}{subsection.6.6.2}% 154
\BOOKMARK [3][-]{subsubsection.6.6.2.4}{\376\377\0006\000.\0006\000.\0002\000.\0004\000\040\000m\000a\000d\000\050\000\051}{subsection.6.6.2}% 155
\BOOKMARK [3][-]{subsubsection.6.6.2.5}{\376\377\0006\000.\0006\000.\0002\000.\0005\000\040\000m\000o\000t\000i\000l\000i\000t\000y\000T\000e\000s\000t\000\050\000\051\000\040\000[\0001\000/\0002\000]}{subsection.6.6.2}% 156
\BOOKMARK [3][-]{subsubsection.6.6.2.6}{\376\377\0006\000.\0006\000.\0002\000.\0006\000\040\000m\000o\000t\000i\000l\000i\000t\000y\000T\000e\000s\000t\000\050\000\051\000\040\000[\0002\000/\0002\000]}{subsection.6.6.2}% 157
\BOOKMARK [3][-]{subsubsection.6.6.2.7}{\376\377\0006\000.\0006\000.\0002\000.\0007\000\040\000v\000c\000l\000\050\000\051}{subsection.6.6.2}% 158
\BOOKMARK [3][-]{subsubsection.6.6.2.8}{\376\377\0006\000.\0006\000.\0002\000.\0008\000\040\000v\000s\000l\000\050\000\051}{subsection.6.6.2}% 159
\BOOKMARK [1][-]{section.6.7}{\376\377\0006\000.\0007\000\040\000M\000a\000i\000n\000W\000i\000n\000d\000o\000w\000\040\000C\000l\000a\000s\000s\000\040\000R\000e\000f\000e\000r\000e\000n\000c\000e}{chapter.6}% 160
\BOOKMARK [2][-]{subsection.6.7.1}{\376\377\0006\000.\0007\000.\0001\000\040\000D\000e\000t\000a\000i\000l\000e\000d\000\040\000D\000e\000s\000c\000r\000i\000p\000t\000i\000o\000n}{section.6.7}% 161
\BOOKMARK [2][-]{subsection.6.7.2}{\376\377\0006\000.\0007\000.\0002\000\040\000C\000o\000n\000s\000t\000r\000u\000c\000t\000o\000r\000\040\000\046\000\040\000D\000e\000s\000t\000r\000u\000c\000t\000o\000r\000\040\000D\000o\000c\000u\000m\000e\000n\000t\000a\000t\000i\000o\000n}{section.6.7}% 162
\BOOKMARK [3][-]{subsubsection.6.7.2.1}{\376\377\0006\000.\0007\000.\0002\000.\0001\000\040\000M\000a\000i\000n\000W\000i\000n\000d\000o\000w\000\050\000\051}{subsection.6.7.2}% 163
\BOOKMARK [2][-]{subsection.6.7.3}{\376\377\0006\000.\0007\000.\0003\000\040\000M\000e\000m\000b\000e\000r\000\040\000F\000u\000n\000c\000t\000i\000o\000n\000\040\000D\000o\000c\000u\000m\000e\000n\000t\000a\000t\000i\000o\000n}{section.6.7}% 164
\BOOKMARK [3][-]{subsubsection.6.7.3.1}{\376\377\0006\000.\0007\000.\0003\000.\0001\000\040\000a\000d\000d\000B\000u\000t\000t\000o\000n\000\050\000\051}{subsection.6.7.3}% 165
\BOOKMARK [3][-]{subsubsection.6.7.3.2}{\376\377\0006\000.\0007\000.\0003\000.\0002\000\040\000c\000r\000e\000a\000t\000e\000G\000U\000I\000\050\000\051}{subsection.6.7.3}% 166
\BOOKMARK [3][-]{subsubsection.6.7.3.3}{\376\377\0006\000.\0007\000.\0003\000.\0003\000\040\000s\000i\000m\000u\000l\000a\000t\000e\000\050\000\051}{subsection.6.7.3}% 167
\BOOKMARK [2][-]{subsection.6.7.4}{\376\377\0006\000.\0007\000.\0004\000\040\000M\000e\000m\000b\000e\000r\000\040\000D\000a\000t\000a\000\040\000D\000o\000c\000u\000m\000e\000n\000t\000a\000t\000i\000o\000n}{section.6.7}% 168
\BOOKMARK [3][-]{subsubsection.6.7.4.1}{\376\377\0006\000.\0007\000.\0004\000.\0001\000\040\000m\000w}{subsection.6.7.4}% 169
\BOOKMARK [3][-]{subsubsection.6.7.4.2}{\376\377\0006\000.\0007\000.\0004\000.\0002\000\040\000s\000e\000r\000i\000a\000l\000V\000e\000r\000s\000i\000o\000n\000U\000I\000D}{subsection.6.7.4}% 170
\BOOKMARK [1][-]{section.6.8}{\376\377\0006\000.\0008\000\040\000M\000o\000r\000p\000h\000W\000i\000n\000d\000o\000w\000\040\000C\000l\000a\000s\000s\000\040\000R\000e\000f\000e\000r\000e\000n\000c\000e}{chapter.6}% 171
\BOOKMARK [2][-]{subsection.6.8.1}{\376\377\0006\000.\0008\000.\0001\000\040\000D\000e\000t\000a\000i\000l\000e\000d\000\040\000D\000e\000s\000c\000r\000i\000p\000t\000i\000o\000n}{section.6.8}% 172
\BOOKMARK [2][-]{subsection.6.8.2}{\376\377\0006\000.\0008\000.\0002\000\040\000C\000o\000n\000s\000t\000r\000u\000c\000t\000o\000r\000\040\000\046\000\040\000D\000e\000s\000t\000r\000u\000c\000t\000o\000r\000\040\000D\000o\000c\000u\000m\000e\000n\000t\000a\000t\000i\000o\000n}{section.6.8}% 173
\BOOKMARK [3][-]{subsubsection.6.8.2.1}{\376\377\0006\000.\0008\000.\0002\000.\0001\000\040\000M\000o\000r\000p\000h\000W\000i\000n\000d\000o\000w\000\050\000\051}{subsection.6.8.2}% 174
\BOOKMARK [2][-]{subsection.6.8.3}{\376\377\0006\000.\0008\000.\0003\000\040\000M\000e\000m\000b\000e\000r\000\040\000F\000u\000n\000c\000t\000i\000o\000n\000\040\000D\000o\000c\000u\000m\000e\000n\000t\000a\000t\000i\000o\000n}{section.6.8}% 175
\BOOKMARK [3][-]{subsubsection.6.8.3.1}{\376\377\0006\000.\0008\000.\0003\000.\0001\000\040\000c\000h\000e\000c\000k\000S\000e\000l\000e\000c\000t\000i\000o\000n\000\050\000\051}{subsection.6.8.3}% 176
\BOOKMARK [3][-]{subsubsection.6.8.3.2}{\376\377\0006\000.\0008\000.\0003\000.\0002\000\040\000c\000l\000o\000s\000e\000\050\000\051}{subsection.6.8.3}% 177
\BOOKMARK [3][-]{subsubsection.6.8.3.3}{\376\377\0006\000.\0008\000.\0003\000.\0003\000\040\000d\000o\000M\000o\000u\000s\000e\000R\000e\000f\000r\000e\000s\000h\000\050\000\051}{subsection.6.8.3}% 178
\BOOKMARK [3][-]{subsubsection.6.8.3.4}{\376\377\0006\000.\0008\000.\0003\000.\0004\000\040\000d\000o\000S\000l\000i\000d\000e\000r\000R\000e\000f\000r\000e\000s\000h\000\050\000\051}{subsection.6.8.3}% 179
\BOOKMARK [3][-]{subsubsection.6.8.3.5}{\376\377\0006\000.\0008\000.\0003\000.\0005\000\040\000g\000e\000n\000e\000r\000a\000t\000e\000R\000e\000s\000u\000l\000t\000s\000\050\000\051}{subsection.6.8.3}% 180
\BOOKMARK [3][-]{subsubsection.6.8.3.6}{\376\377\0006\000.\0008\000.\0003\000.\0006\000\040\000i\000s\000C\000l\000i\000c\000k\000I\000n\000s\000i\000d\000e\000\050\000\051}{subsection.6.8.3}% 181
\BOOKMARK [3][-]{subsubsection.6.8.3.7}{\376\377\0006\000.\0008\000.\0003\000.\0007\000\040\000m\000o\000u\000s\000e\000C\000l\000i\000c\000k\000e\000d\000\050\000\051}{subsection.6.8.3}% 182
\BOOKMARK [3][-]{subsubsection.6.8.3.8}{\376\377\0006\000.\0008\000.\0003\000.\0008\000\040\000m\000o\000u\000s\000e\000E\000n\000t\000e\000r\000e\000d\000\050\000\051}{subsection.6.8.3}% 183
\BOOKMARK [3][-]{subsubsection.6.8.3.9}{\376\377\0006\000.\0008\000.\0003\000.\0009\000\040\000m\000o\000u\000s\000e\000E\000x\000i\000t\000e\000d\000\050\000\051}{subsection.6.8.3}% 184
\BOOKMARK [3][-]{subsubsection.6.8.3.10}{\376\377\0006\000.\0008\000.\0003\000.\0001\0000\000\040\000m\000o\000u\000s\000e\000P\000r\000e\000s\000s\000e\000d\000\050\000\051}{subsection.6.8.3}% 185
\BOOKMARK [3][-]{subsubsection.6.8.3.11}{\376\377\0006\000.\0008\000.\0003\000.\0001\0001\000\040\000m\000o\000u\000s\000e\000R\000e\000l\000e\000a\000s\000e\000d\000\050\000\051}{subsection.6.8.3}% 186
\BOOKMARK [3][-]{subsubsection.6.8.3.12}{\376\377\0006\000.\0008\000.\0003\000.\0001\0002\000\040\000p\000r\000o\000c\000e\000s\000s\000I\000m\000a\000g\000e\000\050\000\051}{subsection.6.8.3}% 187
\BOOKMARK [3][-]{subsubsection.6.8.3.13}{\376\377\0006\000.\0008\000.\0003\000.\0001\0003\000\040\000s\000t\000a\000t\000e\000C\000h\000a\000n\000g\000e\000d\000\050\000\051}{subsection.6.8.3}% 188
\BOOKMARK [2][-]{subsection.6.8.4}{\376\377\0006\000.\0008\000.\0004\000\040\000M\000e\000m\000b\000e\000r\000\040\000D\000a\000t\000a\000\040\000D\000o\000c\000u\000m\000e\000n\000t\000a\000t\000i\000o\000n}{section.6.8}% 189
\BOOKMARK [3][-]{subsubsection.6.8.4.1}{\376\377\0006\000.\0008\000.\0004\000.\0001\000\040\000i\000s\000T\000h\000r\000e\000s\000h\000o\000l\000d\000i\000n\000g}{subsection.6.8.4}% 190
\BOOKMARK [3][-]{subsubsection.6.8.4.2}{\376\377\0006\000.\0008\000.\0004\000.\0002\000\040\000m\000o\000r\000p\000h\000o\000m\000e\000t\000r\000i\000c\000s}{subsection.6.8.4}% 191
\BOOKMARK [1][-]{section.6.9}{\376\377\0006\000.\0009\000\040\000M\000o\000t\000i\000l\000i\000t\000y\000\040\000C\000l\000a\000s\000s\000\040\000R\000e\000f\000e\000r\000e\000n\000c\000e}{chapter.6}% 192
\BOOKMARK [2][-]{subsection.6.9.1}{\376\377\0006\000.\0009\000.\0001\000\040\000D\000e\000t\000a\000i\000l\000e\000d\000\040\000D\000e\000s\000c\000r\000i\000p\000t\000i\000o\000n}{section.6.9}% 193
\BOOKMARK [2][-]{subsection.6.9.2}{\376\377\0006\000.\0009\000.\0002\000\040\000C\000o\000n\000s\000t\000r\000u\000c\000t\000o\000r\000\040\000\046\000\040\000D\000e\000s\000t\000r\000u\000c\000t\000o\000r\000\040\000D\000o\000c\000u\000m\000e\000n\000t\000a\000t\000i\000o\000n}{section.6.9}% 194
\BOOKMARK [3][-]{subsubsection.6.9.2.1}{\376\377\0006\000.\0009\000.\0002\000.\0001\000\040\000M\000o\000t\000i\000l\000i\000t\000y\000\050\000\051}{subsection.6.9.2}% 195
\BOOKMARK [2][-]{subsection.6.9.3}{\376\377\0006\000.\0009\000.\0003\000\040\000M\000e\000m\000b\000e\000r\000\040\000F\000u\000n\000c\000t\000i\000o\000n\000\040\000D\000o\000c\000u\000m\000e\000n\000t\000a\000t\000i\000o\000n}{section.6.9}% 196
\BOOKMARK [3][-]{subsubsection.6.9.3.1}{\376\377\0006\000.\0009\000.\0003\000.\0001\000\040\000a\000n\000a\000l\000y\000s\000e\000D\000i\000r\000e\000c\000t\000o\000r\000i\000e\000s\000\050\000\051}{subsection.6.9.3}% 197
\BOOKMARK [3][-]{subsubsection.6.9.3.2}{\376\377\0006\000.\0009\000.\0003\000.\0002\000\040\000a\000n\000a\000l\000y\000s\000e\000D\000i\000r\000e\000c\000t\000o\000r\000y\000\050\000\051}{subsection.6.9.3}% 198
\BOOKMARK [3][-]{subsubsection.6.9.3.3}{\376\377\0006\000.\0009\000.\0003\000.\0003\000\040\000a\000n\000a\000l\000y\000s\000e\000F\000i\000l\000e\000\050\000\051}{subsection.6.9.3}% 199
\BOOKMARK [3][-]{subsubsection.6.9.3.4}{\376\377\0006\000.\0009\000.\0003\000.\0004\000\040\000c\000a\000l\000c\000u\000l\000a\000t\000e\000A\000v\000e\000r\000a\000g\000e\000M\000o\000t\000i\000l\000i\000t\000y\000\050\000\051}{subsection.6.9.3}% 200
\BOOKMARK [3][-]{subsubsection.6.9.3.5}{\376\377\0006\000.\0009\000.\0003\000.\0005\000\040\000c\000a\000l\000c\000u\000l\000a\000t\000e\000M\000o\000t\000i\000l\000i\000t\000y\000\050\000\051}{subsection.6.9.3}% 201
\BOOKMARK [3][-]{subsubsection.6.9.3.6}{\376\377\0006\000.\0009\000.\0003\000.\0006\000\040\000c\000a\000l\000c\000u\000l\000a\000t\000e\000T\000o\000t\000a\000l\000M\000o\000t\000i\000l\000i\000t\000y\000\050\000\051}{subsection.6.9.3}% 202
\BOOKMARK [3][-]{subsubsection.6.9.3.7}{\376\377\0006\000.\0009\000.\0003\000.\0007\000\040\000d\000o\000I\000n\000B\000a\000c\000k\000g\000r\000o\000u\000n\000d\000\050\000\051}{subsection.6.9.3}% 203
\BOOKMARK [3][-]{subsubsection.6.9.3.8}{\376\377\0006\000.\0009\000.\0003\000.\0008\000\040\000g\000e\000t\000T\000r\000i\000a\000l\000s\000\050\000\051}{subsection.6.9.3}% 204
\BOOKMARK [3][-]{subsubsection.6.9.3.9}{\376\377\0006\000.\0009\000.\0003\000.\0009\000\040\000r\000e\000s\000e\000t\000P\000a\000r\000a\000m\000s\000\050\000\051}{subsection.6.9.3}% 205
\BOOKMARK [3][-]{subsubsection.6.9.3.10}{\376\377\0006\000.\0009\000.\0003\000.\0001\0000\000\040\000s\000e\000l\000e\000c\000t\000A\000n\000a\000l\000y\000s\000i\000s\000\050\000\051}{subsection.6.9.3}% 206
\BOOKMARK [2][-]{subsection.6.9.4}{\376\377\0006\000.\0009\000.\0004\000\040\000M\000e\000m\000b\000e\000r\000\040\000D\000a\000t\000a\000\040\000D\000o\000c\000u\000m\000e\000n\000t\000a\000t\000i\000o\000n}{section.6.9}% 207
\BOOKMARK [3][-]{subsubsection.6.9.4.1}{\376\377\0006\000.\0009\000.\0004\000.\0001\000\040\000a\000n\000a\000l\000y\000s\000i\000s}{subsection.6.9.4}% 208
\BOOKMARK [3][-]{subsubsection.6.9.4.2}{\376\377\0006\000.\0009\000.\0004\000.\0002\000\040\000c\000o\000u\000n\000t\000P\000r\000o\000g\000r\000e\000s\000s\000i\000v\000e\000S\000p\000e\000r\000m}{subsection.6.9.4}% 209
\BOOKMARK [3][-]{subsubsection.6.9.4.3}{\376\377\0006\000.\0009\000.\0004\000.\0003\000\040\000t\000o\000t\000a\000l\000\137\000a\000l\000h\000M\000a\000x}{subsection.6.9.4}% 210
\BOOKMARK [3][-]{subsubsection.6.9.4.4}{\376\377\0006\000.\0009\000.\0004\000.\0004\000\040\000t\000o\000t\000a\000l\000\137\000a\000l\000h\000M\000e\000a\000n}{subsection.6.9.4}% 211
\BOOKMARK [3][-]{subsubsection.6.9.4.5}{\376\377\0006\000.\0009\000.\0004\000.\0005\000\040\000t\000o\000t\000a\000l\000\137\000b\000c\000f}{subsection.6.9.4}% 212
\BOOKMARK [3][-]{subsubsection.6.9.4.6}{\376\377\0006\000.\0009\000.\0004\000.\0006\000\040\000t\000o\000t\000a\000l\000\137\000d\000a\000n\000c\000e}{subsection.6.9.4}% 213
\BOOKMARK [3][-]{subsubsection.6.9.4.7}{\376\377\0006\000.\0009\000.\0004\000.\0007\000\040\000t\000o\000t\000a\000l\000\137\000l\000i\000n}{subsection.6.9.4}% 214
\BOOKMARK [3][-]{subsubsection.6.9.4.8}{\376\377\0006\000.\0009\000.\0004\000.\0008\000\040\000t\000o\000t\000a\000l\000\137\000m\000a\000d}{subsection.6.9.4}% 215
\BOOKMARK [3][-]{subsubsection.6.9.4.9}{\376\377\0006\000.\0009\000.\0004\000.\0009\000\040\000t\000o\000t\000a\000l\000\137\000m\000o\000t\000i\000l\000e}{subsection.6.9.4}% 216
\BOOKMARK [3][-]{subsubsection.6.9.4.10}{\376\377\0006\000.\0009\000.\0004\000.\0001\0000\000\040\000t\000o\000t\000a\000l\000\137\000n\000o\000n\000M\000o\000t\000i\000l\000e}{subsection.6.9.4}% 217
\BOOKMARK [3][-]{subsubsection.6.9.4.11}{\376\377\0006\000.\0009\000.\0004\000.\0001\0001\000\040\000t\000o\000t\000a\000l\000\137\000s\000p\000e\000r\000m}{subsection.6.9.4}% 218
\BOOKMARK [3][-]{subsubsection.6.9.4.12}{\376\377\0006\000.\0009\000.\0004\000.\0001\0002\000\040\000t\000o\000t\000a\000l\000\137\000s\000t\000r}{subsection.6.9.4}% 219
\BOOKMARK [3][-]{subsubsection.6.9.4.13}{\376\377\0006\000.\0009\000.\0004\000.\0001\0003\000\040\000t\000o\000t\000a\000l\000\137\000v\000a\000p}{subsection.6.9.4}% 220
\BOOKMARK [3][-]{subsubsection.6.9.4.14}{\376\377\0006\000.\0009\000.\0004\000.\0001\0004\000\040\000t\000o\000t\000a\000l\000\137\000v\000c\000l}{subsection.6.9.4}% 221
\BOOKMARK [3][-]{subsubsection.6.9.4.15}{\376\377\0006\000.\0009\000.\0004\000.\0001\0005\000\040\000t\000o\000t\000a\000l\000\137\000v\000s\000l}{subsection.6.9.4}% 222
\BOOKMARK [3][-]{subsubsection.6.9.4.16}{\376\377\0006\000.\0009\000.\0004\000.\0001\0006\000\040\000t\000o\000t\000a\000l\000\137\000w\000o\000b}{subsection.6.9.4}% 223
\BOOKMARK [1][-]{section.6.10}{\376\377\0006\000.\0001\0000\000\040\000O\000p\000e\000n\000C\000A\000S\000A\000\137\000\040\000C\000l\000a\000s\000s\000\040\000R\000e\000f\000e\000r\000e\000n\000c\000e}{chapter.6}% 224
\BOOKMARK [2][-]{subsection.6.10.1}{\376\377\0006\000.\0001\0000\000.\0001\000\040\000D\000e\000t\000a\000i\000l\000e\000d\000\040\000D\000e\000s\000c\000r\000i\000p\000t\000i\000o\000n}{section.6.10}% 225
\BOOKMARK [2][-]{subsection.6.10.2}{\376\377\0006\000.\0001\0000\000.\0002\000\040\000M\000e\000m\000b\000e\000r\000\040\000F\000u\000n\000c\000t\000i\000o\000n\000\040\000D\000o\000c\000u\000m\000e\000n\000t\000a\000t\000i\000o\000n}{section.6.10}% 226
\BOOKMARK [3][-]{subsubsection.6.10.2.1}{\376\377\0006\000.\0001\0000\000.\0002\000.\0001\000\040\000m\000a\000i\000n\000\050\000\051}{subsection.6.10.2}% 227
\BOOKMARK [3][-]{subsubsection.6.10.2.2}{\376\377\0006\000.\0001\0000\000.\0002\000.\0002\000\040\000r\000u\000n\000\050\000\051}{subsection.6.10.2}% 228
\BOOKMARK [1][-]{section.6.11}{\376\377\0006\000.\0001\0001\000\040\000O\000s\000c\000i\000l\000l\000a\000t\000o\000r\000y\000W\000a\000l\000k\000e\000r\000\040\000C\000l\000a\000s\000s\000\040\000R\000e\000f\000e\000r\000e\000n\000c\000e}{chapter.6}% 229
\BOOKMARK [2][-]{subsection.6.11.1}{\376\377\0006\000.\0001\0001\000.\0001\000\040\000D\000e\000t\000a\000i\000l\000e\000d\000\040\000D\000e\000s\000c\000r\000i\000p\000t\000i\000o\000n}{section.6.11}% 230
\BOOKMARK [2][-]{subsection.6.11.2}{\376\377\0006\000.\0001\0001\000.\0002\000\040\000C\000o\000n\000s\000t\000r\000u\000c\000t\000o\000r\000\040\000\046\000\040\000D\000e\000s\000t\000r\000u\000c\000t\000o\000r\000\040\000D\000o\000c\000u\000m\000e\000n\000t\000a\000t\000i\000o\000n}{section.6.11}% 231
\BOOKMARK [3][-]{subsubsection.6.11.2.1}{\376\377\0006\000.\0001\0001\000.\0002\000.\0001\000\040\000O\000s\000c\000i\000l\000l\000a\000t\000o\000r\000y\000W\000a\000l\000k\000e\000r\000\050\000\051}{subsection.6.11.2}% 232
\BOOKMARK [2][-]{subsection.6.11.3}{\376\377\0006\000.\0001\0001\000.\0003\000\040\000M\000e\000m\000b\000e\000r\000\040\000F\000u\000n\000c\000t\000i\000o\000n\000\040\000D\000o\000c\000u\000m\000e\000n\000t\000a\000t\000i\000o\000n}{section.6.11}% 233
\BOOKMARK [3][-]{subsubsection.6.11.3.1}{\376\377\0006\000.\0001\0001\000.\0003\000.\0001\000\040\000c\000r\000e\000a\000t\000e\000S\000i\000m\000u\000l\000a\000t\000i\000o\000n\000\050\000\051}{subsection.6.11.3}% 234
\BOOKMARK [3][-]{subsubsection.6.11.3.2}{\376\377\0006\000.\0001\0001\000.\0003\000.\0002\000\040\000r\000u\000n\000\050\000\051}{subsection.6.11.3}% 235
\BOOKMARK [1][-]{section.6.12}{\376\377\0006\000.\0001\0002\000\040\000P\000a\000i\000n\000t\000\040\000C\000l\000a\000s\000s\000\040\000R\000e\000f\000e\000r\000e\000n\000c\000e}{chapter.6}% 236
\BOOKMARK [2][-]{subsection.6.12.1}{\376\377\0006\000.\0001\0002\000.\0001\000\040\000D\000e\000t\000a\000i\000l\000e\000d\000\040\000D\000e\000s\000c\000r\000i\000p\000t\000i\000o\000n}{section.6.12}% 237
\BOOKMARK [2][-]{subsection.6.12.2}{\376\377\0006\000.\0001\0002\000.\0002\000\040\000M\000e\000m\000b\000e\000r\000\040\000F\000u\000n\000c\000t\000i\000o\000n\000\040\000D\000o\000c\000u\000m\000e\000n\000t\000a\000t\000i\000o\000n}{section.6.12}% 238
\BOOKMARK [3][-]{subsubsection.6.12.2.1}{\376\377\0006\000.\0001\0002\000.\0002\000.\0001\000\040\000c\000h\000e\000m\000o\000t\000a\000x\000i\000s\000T\000e\000m\000p\000l\000a\000t\000e\000\050\000\051}{subsection.6.12.2}% 239
\BOOKMARK [3][-]{subsubsection.6.12.2.2}{\376\377\0006\000.\0001\0002\000.\0002\000.\0002\000\040\000d\000r\000a\000w\000\050\000\051}{subsection.6.12.2}% 240
\BOOKMARK [3][-]{subsubsection.6.12.2.3}{\376\377\0006\000.\0001\0002\000.\0002\000.\0003\000\040\000d\000r\000a\000w\000B\000o\000u\000n\000d\000a\000r\000i\000e\000s\000\050\000\051}{subsection.6.12.2}% 241
\BOOKMARK [3][-]{subsubsection.6.12.2.4}{\376\377\0006\000.\0001\0002\000.\0002\000.\0004\000\040\000d\000r\000a\000w\000C\000h\000e\000m\000o\000t\000a\000x\000i\000s\000\050\000\051}{subsection.6.12.2}% 242
\BOOKMARK [3][-]{subsubsection.6.12.2.5}{\376\377\0006\000.\0001\0002\000.\0002\000.\0005\000\040\000d\000r\000a\000w\000O\000u\000t\000l\000i\000n\000e\000\050\000\051}{subsection.6.12.2}% 243
\BOOKMARK [3][-]{subsubsection.6.12.2.6}{\376\377\0006\000.\0001\0002\000.\0002\000.\0006\000\040\000d\000r\000a\000w\000R\000o\000s\000e\000D\000i\000a\000g\000r\000a\000m\000\050\000\051}{subsection.6.12.2}% 244
\BOOKMARK [1][-]{section.6.13}{\376\377\0006\000.\0001\0003\000\040\000P\000a\000r\000a\000m\000s\000\040\000C\000l\000a\000s\000s\000\040\000R\000e\000f\000e\000r\000e\000n\000c\000e}{chapter.6}% 245
\BOOKMARK [2][-]{subsection.6.13.1}{\376\377\0006\000.\0001\0003\000.\0001\000\040\000D\000e\000t\000a\000i\000l\000e\000d\000\040\000D\000e\000s\000c\000r\000i\000p\000t\000i\000o\000n}{section.6.13}% 246
\BOOKMARK [2][-]{subsection.6.13.2}{\376\377\0006\000.\0001\0003\000.\0002\000\040\000M\000e\000m\000b\000e\000r\000\040\000F\000u\000n\000c\000t\000i\000o\000n\000\040\000D\000o\000c\000u\000m\000e\000n\000t\000a\000t\000i\000o\000n}{section.6.13}% 247
\BOOKMARK [3][-]{subsubsection.6.13.2.1}{\376\377\0006\000.\0001\0003\000.\0002\000.\0001\000\040\000r\000e\000s\000e\000t\000P\000a\000r\000a\000m\000s\000\050\000\051}{subsection.6.13.2}% 248
\BOOKMARK [3][-]{subsubsection.6.13.2.2}{\376\377\0006\000.\0001\0003\000.\0002\000.\0002\000\040\000s\000a\000v\000e\000P\000a\000r\000a\000m\000s\000\050\000\051}{subsection.6.13.2}% 249
\BOOKMARK [2][-]{subsection.6.13.3}{\376\377\0006\000.\0001\0003\000.\0003\000\040\000M\000e\000m\000b\000e\000r\000\040\000D\000a\000t\000a\000\040\000D\000o\000c\000u\000m\000e\000n\000t\000a\000t\000i\000o\000n}{section.6.13}% 250
\BOOKMARK [3][-]{subsubsection.6.13.3.1}{\376\377\0006\000.\0001\0003\000.\0003\000.\0001\000\040\000a\000n\000g\000l\000e\000A\000m\000p\000l\000i\000t\000u\000d\000e}{subsection.6.13.3}% 251
\BOOKMARK [3][-]{subsubsection.6.13.3.2}{\376\377\0006\000.\0001\0003\000.\0003\000.\0002\000\040\000a\000n\000g\000l\000e\000D\000e\000l\000t\000a}{subsection.6.13.3}% 252
\BOOKMARK [3][-]{subsubsection.6.13.3.3}{\376\377\0006\000.\0001\0003\000.\0003\000.\0003\000\040\000a\000n\000g\000l\000e\000D\000i\000r\000e\000c\000t\000i\000o\000n}{subsection.6.13.3}% 253
\BOOKMARK [3][-]{subsubsection.6.13.3.4}{\376\377\0006\000.\0001\0003\000.\0003\000.\0004\000\040\000b\000o\000r\000d\000e\000r\000S\000i\000z\000e}{subsection.6.13.3}% 254
\BOOKMARK [3][-]{subsubsection.6.13.3.5}{\376\377\0006\000.\0001\0003\000.\0003\000.\0005\000\040\000c\000o\000m\000p\000a\000r\000e\000O\000p\000p\000o\000s\000i\000t\000e\000D\000i\000r\000e\000c\000t\000i\000o\000n\000s}{subsection.6.13.3}% 255
\BOOKMARK [3][-]{subsubsection.6.13.3.6}{\376\377\0006\000.\0001\0003\000.\0003\000.\0006\000\040\000d\000a\000t\000e}{subsection.6.13.3}% 256
\BOOKMARK [3][-]{subsubsection.6.13.3.7}{\376\377\0006\000.\0001\0003\000.\0003\000.\0007\000\040\000d\000r\000a\000w\000A\000v\000g\000T\000r\000a\000j\000e\000c\000t\000o\000r\000i\000e\000s}{subsection.6.13.3}% 257
\BOOKMARK [3][-]{subsubsection.6.13.3.8}{\376\377\0006\000.\0001\0003\000.\0003\000.\0008\000\040\000d\000r\000a\000w\000O\000r\000i\000g\000T\000r\000a\000j\000e\000c\000t\000o\000r\000i\000e\000s}{subsection.6.13.3}% 258
\BOOKMARK [3][-]{subsubsection.6.13.3.9}{\376\377\0006\000.\0001\0003\000.\0003\000.\0009\000\040\000f\000r\000a\000m\000e\000R\000a\000t\000e}{subsection.6.13.3}% 259
\BOOKMARK [3][-]{subsubsection.6.13.3.10}{\376\377\0006\000.\0001\0003\000.\0003\000.\0001\0000\000\040\000g\000e\000n\000e\000r\000i\000c\000F\000i\000e\000l\000d}{subsection.6.13.3}% 260
\BOOKMARK [3][-]{subsubsection.6.13.3.11}{\376\377\0006\000.\0001\0003\000.\0003\000.\0001\0001\000\040\000m\000a\000l\000e}{subsection.6.13.3}% 261
\BOOKMARK [3][-]{subsubsection.6.13.3.12}{\376\377\0006\000.\0001\0003\000.\0003\000.\0001\0002\000\040\000m\000a\000x\000D\000i\000s\000p\000l\000a\000c\000e\000m\000e\000n\000t}{subsection.6.13.3}% 262
\BOOKMARK [3][-]{subsubsection.6.13.3.13}{\376\377\0006\000.\0001\0003\000.\0003\000.\0001\0003\000\040\000M\000A\000X\000I\000N\000S\000T\000A\000N\000G\000L\000E\000S}{subsection.6.13.3}% 263
\BOOKMARK [3][-]{subsubsection.6.13.3.14}{\376\377\0006\000.\0001\0003\000.\0003\000.\0001\0004\000\040\000m\000a\000x\000S\000i\000z\000e}{subsection.6.13.3}% 264
\BOOKMARK [3][-]{subsubsection.6.13.3.15}{\376\377\0006\000.\0001\0003\000.\0003\000.\0001\0005\000\040\000m\000i\000c\000r\000o\000n\000P\000e\000r\000P\000i\000x\000e\000l}{subsection.6.13.3}% 265
\BOOKMARK [3][-]{subsubsection.6.13.3.16}{\376\377\0006\000.\0001\0003\000.\0003\000.\0001\0006\000\040\000m\000i\000n\000S\000i\000z\000e}{subsection.6.13.3}% 266
\BOOKMARK [3][-]{subsubsection.6.13.3.17}{\376\377\0006\000.\0001\0003\000.\0003\000.\0001\0007\000\040\000m\000i\000n\000T\000r\000a\000c\000k\000L\000e\000n\000g\000t\000h}{subsection.6.13.3}% 267
\BOOKMARK [3][-]{subsubsection.6.13.3.18}{\376\377\0006\000.\0001\0003\000.\0003\000.\0001\0008\000\040\000N\000U\000M\000S\000A\000M\000P\000L\000E\000S}{subsection.6.13.3}% 268
\BOOKMARK [3][-]{subsubsection.6.13.3.19}{\376\377\0006\000.\0001\0003\000.\0003\000.\0001\0009\000\040\000p\000i\000x\000e\000l\000H\000e\000i\000g\000h\000t}{subsection.6.13.3}% 269
\BOOKMARK [3][-]{subsubsection.6.13.3.20}{\376\377\0006\000.\0001\0003\000.\0003\000.\0002\0000\000\040\000p\000i\000x\000e\000l\000W\000i\000d\000t\000h}{subsection.6.13.3}% 270
\BOOKMARK [3][-]{subsubsection.6.13.3.21}{\376\377\0006\000.\0001\0003\000.\0003\000.\0002\0001\000\040\000p\000r\000e\000f\000s}{subsection.6.13.3}% 271
\BOOKMARK [3][-]{subsubsection.6.13.3.22}{\376\377\0006\000.\0001\0003\000.\0003\000.\0002\0002\000\040\000p\000r\000i\000n\000t\000X\000Y}{subsection.6.13.3}% 272
\BOOKMARK [3][-]{subsubsection.6.13.3.23}{\376\377\0006\000.\0001\0003\000.\0003\000.\0002\0003\000\040\000p\000r\000o\000g\000r\000e\000s\000s\000M\000o\000t\000i\000l\000i\000t\000y}{subsection.6.13.3}% 273
\BOOKMARK [3][-]{subsubsection.6.13.3.24}{\376\377\0006\000.\0001\0003\000.\0003\000.\0002\0004\000\040\000v\000c\000l\000L\000o\000w\000e\000r\000T\000h}{subsection.6.13.3}% 274
\BOOKMARK [3][-]{subsubsection.6.13.3.25}{\376\377\0006\000.\0001\0003\000.\0003\000.\0002\0005\000\040\000v\000c\000l\000M\000i\000n}{subsection.6.13.3}% 275
\BOOKMARK [3][-]{subsubsection.6.13.3.26}{\376\377\0006\000.\0001\0003\000.\0003\000.\0002\0006\000\040\000v\000c\000l\000U\000p\000p\000e\000r\000T\000h}{subsection.6.13.3}% 276
\BOOKMARK [3][-]{subsubsection.6.13.3.27}{\376\377\0006\000.\0001\0003\000.\0003\000.\0002\0007\000\040\000w\000S\000i\000z\000e}{subsection.6.13.3}% 277
\BOOKMARK [1][-]{section.6.14}{\376\377\0006\000.\0001\0004\000\040\000P\000e\000r\000s\000i\000s\000t\000e\000n\000t\000R\000a\000n\000d\000o\000m\000W\000a\000l\000k\000e\000r\000\040\000C\000l\000a\000s\000s\000\040\000R\000e\000f\000e\000r\000e\000n\000c\000e}{chapter.6}% 278
\BOOKMARK [2][-]{subsection.6.14.1}{\376\377\0006\000.\0001\0004\000.\0001\000\040\000D\000e\000t\000a\000i\000l\000e\000d\000\040\000D\000e\000s\000c\000r\000i\000p\000t\000i\000o\000n}{section.6.14}% 279
\BOOKMARK [2][-]{subsection.6.14.2}{\376\377\0006\000.\0001\0004\000.\0002\000\040\000C\000o\000n\000s\000t\000r\000u\000c\000t\000o\000r\000\040\000\046\000\040\000D\000e\000s\000t\000r\000u\000c\000t\000o\000r\000\040\000D\000o\000c\000u\000m\000e\000n\000t\000a\000t\000i\000o\000n}{section.6.14}% 280
\BOOKMARK [3][-]{subsubsection.6.14.2.1}{\376\377\0006\000.\0001\0004\000.\0002\000.\0001\000\040\000P\000e\000r\000s\000i\000s\000t\000e\000n\000t\000R\000a\000n\000d\000o\000m\000W\000a\000l\000k\000e\000r\000\050\000\051\000\040\000[\0001\000/\0003\000]}{subsection.6.14.2}% 281
\BOOKMARK [3][-]{subsubsection.6.14.2.2}{\376\377\0006\000.\0001\0004\000.\0002\000.\0002\000\040\000P\000e\000r\000s\000i\000s\000t\000e\000n\000t\000R\000a\000n\000d\000o\000m\000W\000a\000l\000k\000e\000r\000\050\000\051\000\040\000[\0002\000/\0003\000]}{subsection.6.14.2}% 282
\BOOKMARK [3][-]{subsubsection.6.14.2.3}{\376\377\0006\000.\0001\0004\000.\0002\000.\0003\000\040\000P\000e\000r\000s\000i\000s\000t\000e\000n\000t\000R\000a\000n\000d\000o\000m\000W\000a\000l\000k\000e\000r\000\050\000\051\000\040\000[\0003\000/\0003\000]}{subsection.6.14.2}% 283
\BOOKMARK [2][-]{subsection.6.14.3}{\376\377\0006\000.\0001\0004\000.\0003\000\040\000M\000e\000m\000b\000e\000r\000\040\000F\000u\000n\000c\000t\000i\000o\000n\000\040\000D\000o\000c\000u\000m\000e\000n\000t\000a\000t\000i\000o\000n}{section.6.14}% 284
\BOOKMARK [3][-]{subsubsection.6.14.3.1}{\376\377\0006\000.\0001\0004\000.\0003\000.\0001\000\040\000c\000r\000e\000a\000t\000e\000S\000i\000m\000u\000l\000a\000t\000i\000o\000n\000\050\000\051}{subsection.6.14.3}% 285
\BOOKMARK [3][-]{subsubsection.6.14.3.2}{\376\377\0006\000.\0001\0004\000.\0003\000.\0002\000\040\000r\000u\000n\000\050\000\051}{subsection.6.14.3}% 286
\BOOKMARK [1][-]{section.6.15}{\376\377\0006\000.\0001\0005\000\040\000S\000e\000r\000i\000a\000l\000i\000z\000a\000b\000l\000e\000L\000i\000s\000t\000\040\000C\000l\000a\000s\000s\000\040\000R\000e\000f\000e\000r\000e\000n\000c\000e}{chapter.6}% 287
\BOOKMARK [2][-]{subsection.6.15.1}{\376\377\0006\000.\0001\0005\000.\0001\000\040\000D\000e\000t\000a\000i\000l\000e\000d\000\040\000D\000e\000s\000c\000r\000i\000p\000t\000i\000o\000n}{section.6.15}% 288
\BOOKMARK [2][-]{subsection.6.15.2}{\376\377\0006\000.\0001\0005\000.\0002\000\040\000C\000o\000n\000s\000t\000r\000u\000c\000t\000o\000r\000\040\000\046\000\040\000D\000e\000s\000t\000r\000u\000c\000t\000o\000r\000\040\000D\000o\000c\000u\000m\000e\000n\000t\000a\000t\000i\000o\000n}{section.6.15}% 289
\BOOKMARK [3][-]{subsubsection.6.15.2.1}{\376\377\0006\000.\0001\0005\000.\0002\000.\0001\000\040\000S\000e\000r\000i\000a\000l\000i\000z\000a\000b\000l\000e\000L\000i\000s\000t\000\050\000\051\000\040\000[\0001\000/\0003\000]}{subsection.6.15.2}% 290
\BOOKMARK [3][-]{subsubsection.6.15.2.2}{\376\377\0006\000.\0001\0005\000.\0002\000.\0002\000\040\000S\000e\000r\000i\000a\000l\000i\000z\000a\000b\000l\000e\000L\000i\000s\000t\000\050\000\051\000\040\000[\0002\000/\0003\000]}{subsection.6.15.2}% 291
\BOOKMARK [3][-]{subsubsection.6.15.2.3}{\376\377\0006\000.\0001\0005\000.\0002\000.\0003\000\040\000S\000e\000r\000i\000a\000l\000i\000z\000a\000b\000l\000e\000L\000i\000s\000t\000\050\000\051\000\040\000[\0003\000/\0003\000]}{subsection.6.15.2}% 292
\BOOKMARK [1][-]{section.6.16}{\376\377\0006\000.\0001\0006\000\040\000S\000e\000t\000t\000i\000n\000g\000s\000W\000i\000n\000d\000o\000w\000\040\000C\000l\000a\000s\000s\000\040\000R\000e\000f\000e\000r\000e\000n\000c\000e}{chapter.6}% 293
\BOOKMARK [2][-]{subsection.6.16.1}{\376\377\0006\000.\0001\0006\000.\0001\000\040\000D\000e\000t\000a\000i\000l\000e\000d\000\040\000D\000e\000s\000c\000r\000i\000p\000t\000i\000o\000n}{section.6.16}% 294
\BOOKMARK [2][-]{subsection.6.16.2}{\376\377\0006\000.\0001\0006\000.\0002\000\040\000C\000o\000n\000s\000t\000r\000u\000c\000t\000o\000r\000\040\000\046\000\040\000D\000e\000s\000t\000r\000u\000c\000t\000o\000r\000\040\000D\000o\000c\000u\000m\000e\000n\000t\000a\000t\000i\000o\000n}{section.6.16}% 295
\BOOKMARK [3][-]{subsubsection.6.16.2.1}{\376\377\0006\000.\0001\0006\000.\0002\000.\0001\000\040\000S\000e\000t\000t\000i\000n\000g\000s\000W\000i\000n\000d\000o\000w\000\050\000\051}{subsection.6.16.2}% 296
\BOOKMARK [2][-]{subsection.6.16.3}{\376\377\0006\000.\0001\0006\000.\0003\000\040\000M\000e\000m\000b\000e\000r\000\040\000F\000u\000n\000c\000t\000i\000o\000n\000\040\000D\000o\000c\000u\000m\000e\000n\000t\000a\000t\000i\000o\000n}{section.6.16}% 297
\BOOKMARK [3][-]{subsubsection.6.16.3.1}{\376\377\0006\000.\0001\0006\000.\0003\000.\0001\000\040\000a\000d\000d\000T\000a\000b\000P\000a\000n\000e\000\050\000\051}{subsection.6.16.3}% 298
\BOOKMARK [3][-]{subsubsection.6.16.3.2}{\376\377\0006\000.\0001\0006\000.\0003\000.\0002\000\040\000c\000r\000e\000a\000t\000e\000B\000u\000t\000t\000o\000n\000s\000\050\000\051}{subsection.6.16.3}% 299
\BOOKMARK [3][-]{subsubsection.6.16.3.3}{\376\377\0006\000.\0001\0006\000.\0003\000.\0003\000\040\000c\000r\000e\000a\000t\000e\000C\000h\000e\000m\000o\000t\000a\000x\000i\000s\000B\000o\000x\000\050\000\051}{subsection.6.16.3}% 300
\BOOKMARK [3][-]{subsubsection.6.16.3.4}{\376\377\0006\000.\0001\0006\000.\0003\000.\0004\000\040\000c\000r\000e\000a\000t\000e\000G\000e\000n\000e\000r\000a\000l\000B\000o\000x\000\050\000\051}{subsection.6.16.3}% 301
\BOOKMARK [3][-]{subsubsection.6.16.3.5}{\376\377\0006\000.\0001\0006\000.\0003\000.\0005\000\040\000c\000r\000e\000a\000t\000e\000G\000U\000I\000\050\000\051}{subsection.6.16.3}% 302
\BOOKMARK [3][-]{subsubsection.6.16.3.6}{\376\377\0006\000.\0001\0006\000.\0003\000.\0006\000\040\000c\000r\000e\000a\000t\000e\000M\000o\000t\000i\000l\000i\000t\000y\000B\000o\000x\000\050\000\051}{subsection.6.16.3}% 303
\BOOKMARK [3][-]{subsubsection.6.16.3.7}{\376\377\0006\000.\0001\0006\000.\0003\000.\0007\000\040\000c\000r\000e\000a\000t\000e\000V\000i\000d\000e\000o\000B\000o\000x\000\050\000\051}{subsection.6.16.3}% 304
\BOOKMARK [3][-]{subsubsection.6.16.3.8}{\376\377\0006\000.\0001\0006\000.\0003\000.\0008\000\040\000s\000e\000t\000P\000a\000r\000a\000m\000e\000t\000e\000r\000s\000\050\000\051}{subsection.6.16.3}% 305
\BOOKMARK [1][-]{section.6.17}{\376\377\0006\000.\0001\0007\000\040\000S\000i\000g\000n\000a\000l\000P\000r\000o\000c\000e\000s\000s\000i\000n\000g\000\040\000C\000l\000a\000s\000s\000\040\000R\000e\000f\000e\000r\000e\000n\000c\000e}{chapter.6}% 306
\BOOKMARK [2][-]{subsection.6.17.1}{\376\377\0006\000.\0001\0007\000.\0001\000\040\000D\000e\000t\000a\000i\000l\000e\000d\000\040\000D\000e\000s\000c\000r\000i\000p\000t\000i\000o\000n}{section.6.17}% 307
\BOOKMARK [2][-]{subsection.6.17.2}{\376\377\0006\000.\0001\0007\000.\0002\000\040\000M\000e\000m\000b\000e\000r\000\040\000F\000u\000n\000c\000t\000i\000o\000n\000\040\000D\000o\000c\000u\000m\000e\000n\000t\000a\000t\000i\000o\000n}{section.6.17}% 308
\BOOKMARK [3][-]{subsubsection.6.17.2.1}{\376\377\0006\000.\0001\0007\000.\0002\000.\0001\000\040\000a\000v\000e\000r\000a\000g\000e\000T\000r\000a\000c\000k\000s\000\050\000\051}{subsection.6.17.2}% 309
\BOOKMARK [3][-]{subsubsection.6.17.2.2}{\376\377\0006\000.\0001\0007\000.\0002\000.\0002\000\040\000d\000e\000c\000i\000m\000a\000t\000e\000T\000r\000a\000c\000k\000\050\000\051}{subsection.6.17.2}% 310
\BOOKMARK [3][-]{subsubsection.6.17.2.3}{\376\377\0006\000.\0001\0007\000.\0002\000.\0003\000\040\000d\000e\000c\000i\000m\000a\000t\000e\000T\000r\000a\000c\000k\000s\000\050\000\051}{subsection.6.17.2}% 311
\BOOKMARK [3][-]{subsubsection.6.17.2.4}{\376\377\0006\000.\0001\0007\000.\0002\000.\0004\000\040\000f\000i\000l\000t\000e\000r\000T\000r\000a\000c\000k\000s\000B\000y\000L\000e\000n\000g\000t\000h\000\050\000\051}{subsection.6.17.2}% 312
\BOOKMARK [3][-]{subsubsection.6.17.2.5}{\376\377\0006\000.\0001\0007\000.\0002\000.\0005\000\040\000f\000i\000l\000t\000e\000r\000T\000r\000a\000c\000k\000s\000B\000y\000M\000o\000t\000i\000l\000i\000t\000y\000\050\000\051}{subsection.6.17.2}% 313
\BOOKMARK [3][-]{subsubsection.6.17.2.6}{\376\377\0006\000.\0001\0007\000.\0002\000.\0006\000\040\000m\000o\000v\000i\000n\000g\000A\000v\000e\000r\000a\000g\000e\000\050\000\051\000\040\000[\0001\000/\0003\000]}{subsection.6.17.2}% 314
\BOOKMARK [3][-]{subsubsection.6.17.2.7}{\376\377\0006\000.\0001\0007\000.\0002\000.\0007\000\040\000m\000o\000v\000i\000n\000g\000A\000v\000e\000r\000a\000g\000e\000\050\000\051\000\040\000[\0002\000/\0003\000]}{subsection.6.17.2}% 315
\BOOKMARK [3][-]{subsubsection.6.17.2.8}{\376\377\0006\000.\0001\0007\000.\0002\000.\0008\000\040\000m\000o\000v\000i\000n\000g\000A\000v\000e\000r\000a\000g\000e\000\050\000\051\000\040\000[\0003\000/\0003\000]}{subsection.6.17.2}% 316
\BOOKMARK [1][-]{section.6.18}{\376\377\0006\000.\0001\0008\000\040\000S\000i\000m\000u\000l\000a\000t\000i\000o\000n\000\040\000C\000l\000a\000s\000s\000\040\000R\000e\000f\000e\000r\000e\000n\000c\000e}{chapter.6}% 317
\BOOKMARK [2][-]{subsection.6.18.1}{\376\377\0006\000.\0001\0008\000.\0001\000\040\000D\000e\000t\000a\000i\000l\000e\000d\000\040\000D\000e\000s\000c\000r\000i\000p\000t\000i\000o\000n}{section.6.18}% 318
\BOOKMARK [2][-]{subsection.6.18.2}{\376\377\0006\000.\0001\0008\000.\0002\000\040\000M\000e\000m\000b\000e\000r\000\040\000F\000u\000n\000c\000t\000i\000o\000n\000\040\000D\000o\000c\000u\000m\000e\000n\000t\000a\000t\000i\000o\000n}{section.6.18}% 319
\BOOKMARK [3][-]{subsubsection.6.18.2.1}{\376\377\0006\000.\0001\0008\000.\0002\000.\0001\000\040\000c\000r\000e\000a\000t\000e\000S\000i\000m\000u\000l\000a\000t\000i\000o\000n\000\050\000\051}{subsection.6.18.2}% 320
\BOOKMARK [3][-]{subsubsection.6.18.2.2}{\376\377\0006\000.\0001\0008\000.\0002\000.\0002\000\040\000r\000u\000n\000\050\000\051}{subsection.6.18.2}% 321
\BOOKMARK [1][-]{section.6.19}{\376\377\0006\000.\0001\0009\000\040\000S\000p\000e\000r\000m\000a\000t\000o\000z\000o\000o\000n\000\040\000C\000l\000a\000s\000s\000\040\000R\000e\000f\000e\000r\000e\000n\000c\000e}{chapter.6}% 322
\BOOKMARK [2][-]{subsection.6.19.1}{\376\377\0006\000.\0001\0009\000.\0001\000\040\000D\000e\000t\000a\000i\000l\000e\000d\000\040\000D\000e\000s\000c\000r\000i\000p\000t\000i\000o\000n}{section.6.19}% 323
\BOOKMARK [2][-]{subsection.6.19.2}{\376\377\0006\000.\0001\0009\000.\0002\000\040\000M\000e\000m\000b\000e\000r\000\040\000F\000u\000n\000c\000t\000i\000o\000n\000\040\000D\000o\000c\000u\000m\000e\000n\000t\000a\000t\000i\000o\000n}{section.6.19}% 324
\BOOKMARK [3][-]{subsubsection.6.19.2.1}{\376\377\0006\000.\0001\0009\000.\0002\000.\0001\000\040\000c\000o\000p\000y\000\050\000\051}{subsection.6.19.2}% 325
\BOOKMARK [3][-]{subsubsection.6.19.2.2}{\376\377\0006\000.\0001\0009\000.\0002\000.\0002\000\040\000d\000i\000s\000t\000a\000n\000c\000e\000\050\000\051}{subsection.6.19.2}% 326
\BOOKMARK [2][-]{subsection.6.19.3}{\376\377\0006\000.\0001\0009\000.\0003\000\040\000M\000e\000m\000b\000e\000r\000\040\000D\000a\000t\000a\000\040\000D\000o\000c\000u\000m\000e\000n\000t\000a\000t\000i\000o\000n}{section.6.19}% 327
\BOOKMARK [3][-]{subsubsection.6.19.3.1}{\376\377\0006\000.\0001\0009\000.\0003\000.\0001\000\040\000b\000x}{subsection.6.19.3}% 328
\BOOKMARK [3][-]{subsubsection.6.19.3.2}{\376\377\0006\000.\0001\0009\000.\0003\000.\0002\000\040\000b\000y}{subsection.6.19.3}% 329
\BOOKMARK [3][-]{subsubsection.6.19.3.3}{\376\377\0006\000.\0001\0009\000.\0003\000.\0003\000\040\000f\000l\000a\000g}{subsection.6.19.3}% 330
\BOOKMARK [3][-]{subsubsection.6.19.3.4}{\376\377\0006\000.\0001\0009\000.\0003\000.\0004\000\040\000h\000e\000i\000g\000h\000t}{subsection.6.19.3}% 331
\BOOKMARK [3][-]{subsubsection.6.19.3.5}{\376\377\0006\000.\0001\0009\000.\0003\000.\0005\000\040\000i\000d}{subsection.6.19.3}% 332
\BOOKMARK [3][-]{subsubsection.6.19.3.6}{\376\377\0006\000.\0001\0009\000.\0003\000.\0006\000\040\000i\000n\000T\000r\000a\000c\000k}{subsection.6.19.3}% 333
\BOOKMARK [3][-]{subsubsection.6.19.3.7}{\376\377\0006\000.\0001\0009\000.\0003\000.\0007\000\040\000s\000e\000l\000e\000c\000t\000e\000d}{subsection.6.19.3}% 334
\BOOKMARK [3][-]{subsubsection.6.19.3.8}{\376\377\0006\000.\0001\0009\000.\0003\000.\0008\000\040\000s\000e\000r\000i\000a\000l\000V\000e\000r\000s\000i\000o\000n\000U\000I\000D}{subsection.6.19.3}% 335
\BOOKMARK [3][-]{subsubsection.6.19.3.9}{\376\377\0006\000.\0001\0009\000.\0003\000.\0009\000\040\000t\000o\000t\000a\000l\000\137\000a\000r\000e\000a}{subsection.6.19.3}% 336
\BOOKMARK [3][-]{subsubsection.6.19.3.10}{\376\377\0006\000.\0001\0009\000.\0003\000.\0001\0000\000\040\000t\000o\000t\000a\000l\000\137\000f\000e\000r\000e\000t}{subsection.6.19.3}% 337
\BOOKMARK [3][-]{subsubsection.6.19.3.11}{\376\377\0006\000.\0001\0009\000.\0003\000.\0001\0001\000\040\000t\000o\000t\000a\000l\000\137\000m\000i\000n\000F\000e\000r\000e\000t}{subsection.6.19.3}% 338
\BOOKMARK [3][-]{subsubsection.6.19.3.12}{\376\377\0006\000.\0001\0009\000.\0003\000.\0001\0002\000\040\000t\000o\000t\000a\000l\000\137\000p\000e\000r\000i\000m\000e\000t\000e\000r}{subsection.6.19.3}% 339
\BOOKMARK [3][-]{subsubsection.6.19.3.13}{\376\377\0006\000.\0001\0009\000.\0003\000.\0001\0003\000\040\000t\000r\000a\000c\000k\000N\000r}{subsection.6.19.3}% 340
\BOOKMARK [3][-]{subsubsection.6.19.3.14}{\376\377\0006\000.\0001\0009\000.\0003\000.\0001\0004\000\040\000w\000i\000d\000t\000h}{subsection.6.19.3}% 341
\BOOKMARK [3][-]{subsubsection.6.19.3.15}{\376\377\0006\000.\0001\0009\000.\0003\000.\0001\0005\000\040\000x}{subsection.6.19.3}% 342
\BOOKMARK [3][-]{subsubsection.6.19.3.16}{\376\377\0006\000.\0001\0009\000.\0003\000.\0001\0006\000\040\000y}{subsection.6.19.3}% 343
\BOOKMARK [3][-]{subsubsection.6.19.3.17}{\376\377\0006\000.\0001\0009\000.\0003\000.\0001\0007\000\040\000z}{subsection.6.19.3}% 344
\BOOKMARK [1][-]{section.6.20}{\376\377\0006\000.\0002\0000\000\040\000T\000r\000i\000a\000l\000\040\000C\000l\000a\000s\000s\000\040\000R\000e\000f\000e\000r\000e\000n\000c\000e}{chapter.6}% 345
\BOOKMARK [2][-]{subsection.6.20.1}{\376\377\0006\000.\0002\0000\000.\0001\000\040\000D\000e\000t\000a\000i\000l\000e\000d\000\040\000D\000e\000s\000c\000r\000i\000p\000t\000i\000o\000n}{section.6.20}% 346
\BOOKMARK [2][-]{subsection.6.20.2}{\376\377\0006\000.\0002\0000\000.\0002\000\040\000C\000o\000n\000s\000t\000r\000u\000c\000t\000o\000r\000\040\000\046\000\040\000D\000e\000s\000t\000r\000u\000c\000t\000o\000r\000\040\000D\000o\000c\000u\000m\000e\000n\000t\000a\000t\000i\000o\000n}{section.6.20}% 347
\BOOKMARK [3][-]{subsubsection.6.20.2.1}{\376\377\0006\000.\0002\0000\000.\0002\000.\0001\000\040\000T\000r\000i\000a\000l\000\050\000\051\000\040\000[\0001\000/\0003\000]}{subsection.6.20.2}% 348
\BOOKMARK [3][-]{subsubsection.6.20.2.2}{\376\377\0006\000.\0002\0000\000.\0002\000.\0002\000\040\000T\000r\000i\000a\000l\000\050\000\051\000\040\000[\0002\000/\0003\000]}{subsection.6.20.2}% 349
\BOOKMARK [3][-]{subsubsection.6.20.2.3}{\376\377\0006\000.\0002\0000\000.\0002\000.\0003\000\040\000T\000r\000i\000a\000l\000\050\000\051\000\040\000[\0003\000/\0003\000]}{subsection.6.20.2}% 350
\BOOKMARK [2][-]{subsection.6.20.3}{\376\377\0006\000.\0002\0000\000.\0003\000\040\000M\000e\000m\000b\000e\000r\000\040\000D\000a\000t\000a\000\040\000D\000o\000c\000u\000m\000e\000n\000t\000a\000t\000i\000o\000n}{section.6.20}% 351
\BOOKMARK [3][-]{subsubsection.6.20.3.1}{\376\377\0006\000.\0002\0000\000.\0003\000.\0001\000\040\000f\000i\000e\000l\000d\000H\000e\000i\000g\000h\000t}{subsection.6.20.3}% 352
\BOOKMARK [3][-]{subsubsection.6.20.3.2}{\376\377\0006\000.\0002\0000\000.\0003\000.\0002\000\040\000f\000i\000e\000l\000d\000W\000i\000d\000t\000h}{subsection.6.20.3}% 353
\BOOKMARK [3][-]{subsubsection.6.20.3.3}{\376\377\0006\000.\0002\0000\000.\0003\000.\0003\000\040\000I\000D}{subsection.6.20.3}% 354
\BOOKMARK [3][-]{subsubsection.6.20.3.4}{\376\377\0006\000.\0002\0000\000.\0003\000.\0004\000\040\000s\000e\000r\000i\000a\000l\000V\000e\000r\000s\000i\000o\000n\000U\000I\000D}{subsection.6.20.3}% 355
\BOOKMARK [3][-]{subsubsection.6.20.3.5}{\376\377\0006\000.\0002\0000\000.\0003\000.\0005\000\040\000s\000o\000u\000r\000c\000e}{subsection.6.20.3}% 356
\BOOKMARK [3][-]{subsubsection.6.20.3.6}{\376\377\0006\000.\0002\0000\000.\0003\000.\0006\000\040\000t\000r\000a\000c\000k\000s}{subsection.6.20.3}% 357
\BOOKMARK [3][-]{subsubsection.6.20.3.7}{\376\377\0006\000.\0002\0000\000.\0003\000.\0007\000\040\000t\000y\000p\000e}{subsection.6.20.3}% 358
\BOOKMARK [1][-]{section.6.21}{\376\377\0006\000.\0002\0001\000\040\000T\000r\000i\000a\000l\000M\000a\000n\000a\000g\000e\000r\000\040\000C\000l\000a\000s\000s\000\040\000R\000e\000f\000e\000r\000e\000n\000c\000e}{chapter.6}% 359
\BOOKMARK [2][-]{subsection.6.21.1}{\376\377\0006\000.\0002\0001\000.\0001\000\040\000D\000e\000t\000a\000i\000l\000e\000d\000\040\000D\000e\000s\000c\000r\000i\000p\000t\000i\000o\000n}{section.6.21}% 360
\BOOKMARK [2][-]{subsection.6.21.2}{\376\377\0006\000.\0002\0001\000.\0002\000\040\000M\000e\000m\000b\000e\000r\000\040\000F\000u\000n\000c\000t\000i\000o\000n\000\040\000D\000o\000c\000u\000m\000e\000n\000t\000a\000t\000i\000o\000n}{section.6.21}% 361
\BOOKMARK [3][-]{subsubsection.6.21.2.1}{\376\377\0006\000.\0002\0001\000.\0002\000.\0001\000\040\000g\000e\000t\000T\000r\000i\000a\000l\000F\000r\000o\000m\000A\000V\000I\000\050\000\051}{subsection.6.21.2}% 362
\BOOKMARK [3][-]{subsubsection.6.21.2.2}{\376\377\0006\000.\0002\0001\000.\0002\000.\0002\000\040\000g\000e\000t\000T\000r\000i\000a\000l\000F\000r\000o\000m\000I\000m\000p\000\050\000\051}{subsection.6.21.2}% 363
\BOOKMARK [3][-]{subsubsection.6.21.2.3}{\376\377\0006\000.\0002\0001\000.\0002\000.\0003\000\040\000r\000e\000a\000d\000T\000r\000i\000a\000l\000s\000\050\000\051}{subsection.6.21.2}% 364
\BOOKMARK [3][-]{subsubsection.6.21.2.4}{\376\377\0006\000.\0002\0001\000.\0002\000.\0004\000\040\000s\000a\000v\000e\000T\000r\000i\000a\000l\000s\000\050\000\051}{subsection.6.21.2}% 365
\BOOKMARK [3][-]{subsubsection.6.21.2.5}{\376\377\0006\000.\0002\0001\000.\0002\000.\0005\000\040\000s\000i\000m\000u\000l\000a\000t\000e\000T\000r\000i\000a\000l\000\050\000\051}{subsection.6.21.2}% 366
\BOOKMARK [3][-]{subsubsection.6.21.2.6}{\376\377\0006\000.\0002\0001\000.\0002\000.\0006\000\040\000s\000i\000m\000u\000l\000a\000t\000e\000T\000r\000i\000a\000l\000s\000\050\000\051}{subsection.6.21.2}% 367
\BOOKMARK [1][-]{section.6.22}{\376\377\0006\000.\0002\0002\000\040\000I\000m\000a\000g\000e\000A\000n\000a\000l\000y\000s\000i\000s\000W\000i\000n\000d\000o\000w\000.\000T\000y\000p\000e\000O\000f\000A\000n\000a\000l\000y\000s\000i\000s\000\040\000E\000n\000u\000m\000\040\000R\000e\000f\000e\000r\000e\000n\000c\000e}{chapter.6}% 368
\BOOKMARK [2][-]{subsection.6.22.1}{\376\377\0006\000.\0002\0002\000.\0001\000\040\000D\000e\000t\000a\000i\000l\000e\000d\000\040\000D\000e\000s\000c\000r\000i\000p\000t\000i\000o\000n}{section.6.22}% 369
\BOOKMARK [2][-]{subsection.6.22.2}{\376\377\0006\000.\0002\0002\000.\0002\000\040\000M\000e\000m\000b\000e\000r\000\040\000D\000a\000t\000a\000\040\000D\000o\000c\000u\000m\000e\000n\000t\000a\000t\000i\000o\000n}{section.6.22}% 370
\BOOKMARK [3][-]{subsubsection.6.22.2.1}{\376\377\0006\000.\0002\0002\000.\0002\000.\0001\000\040\000D\000I\000R\000E\000C\000T\000O\000R\000Y}{subsection.6.22.2}% 371
\BOOKMARK [3][-]{subsubsection.6.22.2.2}{\376\377\0006\000.\0002\0002\000.\0002\000.\0002\000\040\000F\000I\000L\000E}{subsection.6.22.2}% 372
\BOOKMARK [3][-]{subsubsection.6.22.2.3}{\376\377\0006\000.\0002\0002\000.\0002\000.\0003\000\040\000N\000O\000N\000E}{subsection.6.22.2}% 373
\BOOKMARK [1][-]{section.6.23}{\376\377\0006\000.\0002\0003\000\040\000M\000o\000t\000i\000l\000i\000t\000y\000.\000T\000y\000p\000e\000O\000f\000A\000n\000a\000l\000y\000s\000i\000s\000\040\000E\000n\000u\000m\000\040\000R\000e\000f\000e\000r\000e\000n\000c\000e}{chapter.6}% 374
\BOOKMARK [2][-]{subsection.6.23.1}{\376\377\0006\000.\0002\0003\000.\0001\000\040\000D\000e\000t\000a\000i\000l\000e\000d\000\040\000D\000e\000s\000c\000r\000i\000p\000t\000i\000o\000n}{section.6.23}% 375
\BOOKMARK [2][-]{subsection.6.23.2}{\376\377\0006\000.\0002\0003\000.\0002\000\040\000M\000e\000m\000b\000e\000r\000\040\000D\000a\000t\000a\000\040\000D\000o\000c\000u\000m\000e\000n\000t\000a\000t\000i\000o\000n}{section.6.23}% 376
\BOOKMARK [3][-]{subsubsection.6.23.2.1}{\376\377\0006\000.\0002\0003\000.\0002\000.\0001\000\040\000D\000I\000R\000E\000C\000T\000O\000R\000I\000E\000S}{subsection.6.23.2}% 377
\BOOKMARK [3][-]{subsubsection.6.23.2.2}{\376\377\0006\000.\0002\0003\000.\0002\000.\0002\000\040\000D\000I\000R\000E\000C\000T\000O\000R\000Y}{subsection.6.23.2}% 378
\BOOKMARK [3][-]{subsubsection.6.23.2.3}{\376\377\0006\000.\0002\0003\000.\0002\000.\0003\000\040\000F\000I\000L\000E}{subsection.6.23.2}% 379
\BOOKMARK [3][-]{subsubsection.6.23.2.4}{\376\377\0006\000.\0002\0003\000.\0002\000.\0004\000\040\000N\000O\000N\000E}{subsection.6.23.2}% 380
\BOOKMARK [1][-]{section.6.24}{\376\377\0006\000.\0002\0004\000\040\000C\000h\000e\000m\000o\000t\000a\000x\000i\000s\000.\000T\000y\000p\000e\000O\000f\000A\000n\000a\000l\000y\000s\000i\000s\000\040\000E\000n\000u\000m\000\040\000R\000e\000f\000e\000r\000e\000n\000c\000e}{chapter.6}% 381
\BOOKMARK [2][-]{subsection.6.24.1}{\376\377\0006\000.\0002\0004\000.\0001\000\040\000D\000e\000t\000a\000i\000l\000e\000d\000\040\000D\000e\000s\000c\000r\000i\000p\000t\000i\000o\000n}{section.6.24}% 382
\BOOKMARK [2][-]{subsection.6.24.2}{\376\377\0006\000.\0002\0004\000.\0002\000\040\000M\000e\000m\000b\000e\000r\000\040\000D\000a\000t\000a\000\040\000D\000o\000c\000u\000m\000e\000n\000t\000a\000t\000i\000o\000n}{section.6.24}% 383
\BOOKMARK [3][-]{subsubsection.6.24.2.1}{\376\377\0006\000.\0002\0004\000.\0002\000.\0001\000\040\000B\000O\000O\000T\000S\000T\000R\000A\000P\000P\000I\000N\000G}{subsection.6.24.2}% 384
\BOOKMARK [3][-]{subsubsection.6.24.2.2}{\376\377\0006\000.\0002\0004\000.\0002\000.\0002\000\040\000B\000O\000O\000T\000S\000T\000R\000A\000P\000P\000I\000N\000G\000S\000I\000M\000U\000L\000A\000T\000I\000O\000N\000S}{subsection.6.24.2}% 385
\BOOKMARK [3][-]{subsubsection.6.24.2.3}{\376\377\0006\000.\0002\0004\000.\0002\000.\0003\000\040\000I\000N\000D\000E\000X\000E\000S\000D\000I\000R\000E\000C\000T\000O\000R\000Y}{subsection.6.24.2}% 386
\BOOKMARK [3][-]{subsubsection.6.24.2.4}{\376\377\0006\000.\0002\0004\000.\0002\000.\0004\000\040\000I\000N\000D\000E\000X\000E\000S\000F\000I\000L\000E}{subsection.6.24.2}% 387
\BOOKMARK [3][-]{subsubsection.6.24.2.5}{\376\377\0006\000.\0002\0004\000.\0002\000.\0005\000\040\000I\000N\000D\000E\000X\000E\000S\000S\000I\000M\000U\000L\000A\000T\000I\000O\000N\000S}{subsection.6.24.2}% 388
\BOOKMARK [3][-]{subsubsection.6.24.2.6}{\376\377\0006\000.\0002\0004\000.\0002\000.\0006\000\040\000N\000O\000N\000E}{subsection.6.24.2}% 389
\BOOKMARK [1][-]{section.6.25}{\376\377\0006\000.\0002\0005\000\040\000U\000t\000i\000l\000s\000\040\000C\000l\000a\000s\000s\000\040\000R\000e\000f\000e\000r\000e\000n\000c\000e}{chapter.6}% 390
\BOOKMARK [2][-]{subsection.6.25.1}{\376\377\0006\000.\0002\0005\000.\0001\000\040\000D\000e\000t\000a\000i\000l\000e\000d\000\040\000D\000e\000s\000c\000r\000i\000p\000t\000i\000o\000n}{section.6.25}% 391
\BOOKMARK [2][-]{subsection.6.25.2}{\376\377\0006\000.\0002\0005\000.\0002\000\040\000M\000e\000m\000b\000e\000r\000\040\000F\000u\000n\000c\000t\000i\000o\000n\000\040\000D\000o\000c\000u\000m\000e\000n\000t\000a\000t\000i\000o\000n}{section.6.25}% 392
\BOOKMARK [3][-]{subsubsection.6.25.2.1}{\376\377\0006\000.\0002\0005\000.\0002\000.\0001\000\040\000a\000n\000a\000l\000y\000s\000i\000s\000S\000e\000l\000e\000c\000t\000i\000o\000n\000D\000i\000a\000l\000o\000g\000\050\000\051}{subsection.6.25.2}% 393
\BOOKMARK [3][-]{subsubsection.6.25.2.2}{\376\377\0006\000.\0002\0005\000.\0002\000.\0002\000\040\000c\000o\000n\000v\000e\000r\000t\000L\000o\000n\000g\000A\000r\000r\000a\000y\000T\000o\000I\000n\000t\000\050\000\051}{subsection.6.25.2}% 394
\BOOKMARK [3][-]{subsubsection.6.25.2.3}{\376\377\0006\000.\0002\0005\000.\0002\000.\0003\000\040\000g\000e\000t\000S\000p\000e\000r\000m\000a\000t\000o\000z\000o\000o\000n\000\050\000\051}{subsection.6.25.2}% 395
\BOOKMARK [3][-]{subsubsection.6.25.2.4}{\376\377\0006\000.\0002\0005\000.\0002\000.\0004\000\040\000p\000r\000i\000n\000t\000X\000Y\000C\000o\000o\000r\000d\000s\000\050\000\051}{subsection.6.25.2}% 396
\BOOKMARK [1][-]{section.6.26}{\376\377\0006\000.\0002\0006\000\040\000V\000i\000a\000b\000i\000l\000i\000t\000y\000W\000i\000n\000d\000o\000w\000\040\000C\000l\000a\000s\000s\000\040\000R\000e\000f\000e\000r\000e\000n\000c\000e}{chapter.6}% 397
\BOOKMARK [2][-]{subsection.6.26.1}{\376\377\0006\000.\0002\0006\000.\0001\000\040\000D\000e\000t\000a\000i\000l\000e\000d\000\040\000D\000e\000s\000c\000r\000i\000p\000t\000i\000o\000n}{section.6.26}% 398
\BOOKMARK [2][-]{subsection.6.26.2}{\376\377\0006\000.\0002\0006\000.\0002\000\040\000C\000o\000n\000s\000t\000r\000u\000c\000t\000o\000r\000\040\000\046\000\040\000D\000e\000s\000t\000r\000u\000c\000t\000o\000r\000\040\000D\000o\000c\000u\000m\000e\000n\000t\000a\000t\000i\000o\000n}{section.6.26}% 399
\BOOKMARK [3][-]{subsubsection.6.26.2.1}{\376\377\0006\000.\0002\0006\000.\0002\000.\0001\000\040\000V\000i\000a\000b\000i\000l\000i\000t\000y\000W\000i\000n\000d\000o\000w\000\050\000\051}{subsection.6.26.2}% 400
\BOOKMARK [2][-]{subsection.6.26.3}{\376\377\0006\000.\0002\0006\000.\0003\000\040\000M\000e\000m\000b\000e\000r\000\040\000F\000u\000n\000c\000t\000i\000o\000n\000\040\000D\000o\000c\000u\000m\000e\000n\000t\000a\000t\000i\000o\000n}{section.6.26}% 401
\BOOKMARK [3][-]{subsubsection.6.26.3.1}{\376\377\0006\000.\0002\0006\000.\0003\000.\0001\000\040\000d\000o\000S\000l\000i\000d\000e\000r\000R\000e\000f\000r\000e\000s\000h\000\050\000\051}{subsection.6.26.3}% 402
\BOOKMARK [3][-]{subsubsection.6.26.3.2}{\376\377\0006\000.\0002\0006\000.\0003\000.\0002\000\040\000d\000r\000a\000w\000I\000m\000a\000g\000e\000\050\000\051}{subsection.6.26.3}% 403
\BOOKMARK [3][-]{subsubsection.6.26.3.3}{\376\377\0006\000.\0002\0006\000.\0003\000.\0003\000\040\000g\000e\000n\000e\000r\000a\000t\000e\000R\000e\000s\000u\000l\000t\000s\000\050\000\051}{subsection.6.26.3}% 404
\BOOKMARK [3][-]{subsubsection.6.26.3.4}{\376\377\0006\000.\0002\0006\000.\0003\000.\0004\000\040\000g\000e\000t\000S\000p\000e\000r\000m\000a\000t\000o\000z\000o\000a\000\050\000\051}{subsection.6.26.3}% 405
\BOOKMARK [3][-]{subsubsection.6.26.3.5}{\376\377\0006\000.\0002\0006\000.\0003\000.\0005\000\040\000m\000o\000u\000s\000e\000C\000l\000i\000c\000k\000e\000d\000\050\000\051}{subsection.6.26.3}% 406
\BOOKMARK [3][-]{subsubsection.6.26.3.6}{\376\377\0006\000.\0002\0006\000.\0003\000.\0006\000\040\000m\000o\000u\000s\000e\000E\000n\000t\000e\000r\000e\000d\000\050\000\051}{subsection.6.26.3}% 407
\BOOKMARK [3][-]{subsubsection.6.26.3.7}{\376\377\0006\000.\0002\0006\000.\0003\000.\0007\000\040\000m\000o\000u\000s\000e\000E\000x\000i\000t\000e\000d\000\050\000\051}{subsection.6.26.3}% 408
\BOOKMARK [3][-]{subsubsection.6.26.3.8}{\376\377\0006\000.\0002\0006\000.\0003\000.\0008\000\040\000m\000o\000u\000s\000e\000P\000r\000e\000s\000s\000e\000d\000\050\000\051}{subsection.6.26.3}% 409
\BOOKMARK [3][-]{subsubsection.6.26.3.9}{\376\377\0006\000.\0002\0006\000.\0003\000.\0009\000\040\000m\000o\000u\000s\000e\000R\000e\000l\000e\000a\000s\000e\000d\000\050\000\051}{subsection.6.26.3}% 410
\BOOKMARK [3][-]{subsubsection.6.26.3.10}{\376\377\0006\000.\0002\0006\000.\0003\000.\0001\0000\000\040\000n\000e\000x\000t\000A\000c\000t\000i\000o\000n\000\050\000\051}{subsection.6.26.3}% 411
\BOOKMARK [3][-]{subsubsection.6.26.3.11}{\376\377\0006\000.\0002\0006\000.\0003\000.\0001\0001\000\040\000p\000r\000o\000c\000e\000s\000s\000I\000m\000a\000g\000e\000\050\000\051}{subsection.6.26.3}% 412
\BOOKMARK [3][-]{subsubsection.6.26.3.12}{\376\377\0006\000.\0002\0006\000.\0003\000.\0001\0002\000\040\000s\000t\000a\000t\000e\000C\000h\000a\000n\000g\000e\000d\000\050\000\051}{subsection.6.26.3}% 413
\BOOKMARK [2][-]{subsection.6.26.4}{\376\377\0006\000.\0002\0006\000.\0004\000\040\000M\000e\000m\000b\000e\000r\000\040\000D\000a\000t\000a\000\040\000D\000o\000c\000u\000m\000e\000n\000t\000a\000t\000i\000o\000n}{section.6.26}% 414
\BOOKMARK [3][-]{subsubsection.6.26.4.1}{\376\377\0006\000.\0002\0006\000.\0004\000.\0001\000\040\000a\000l\000i\000v\000e\000I\000m\000p\000O\000u\000t\000l\000i\000n\000e}{subsection.6.26.4}% 415
\BOOKMARK [3][-]{subsubsection.6.26.4.2}{\376\377\0006\000.\0002\0006\000.\0004\000.\0002\000\040\000a\000l\000i\000v\000e\000S\000p\000e\000r\000m\000a\000t\000o\000z\000o\000a}{subsection.6.26.4}% 416
\BOOKMARK [3][-]{subsubsection.6.26.4.3}{\376\377\0006\000.\0002\0006\000.\0004\000.\0003\000\040\000c\000h\000a\000n\000n\000e\000l}{subsection.6.26.4}% 417
\BOOKMARK [3][-]{subsubsection.6.26.4.4}{\376\377\0006\000.\0002\0006\000.\0004\000.\0004\000\040\000d\000e\000a\000d\000I\000m\000p\000O\000u\000t\000l\000i\000n\000e}{subsection.6.26.4}% 418
\BOOKMARK [3][-]{subsubsection.6.26.4.5}{\376\377\0006\000.\0002\0006\000.\0004\000.\0005\000\040\000d\000e\000a\000d\000S\000p\000e\000r\000m\000a\000t\000o\000z\000o\000a}{subsection.6.26.4}% 419
\BOOKMARK [3][-]{subsubsection.6.26.4.6}{\376\377\0006\000.\0002\0006\000.\0004\000.\0006\000\040\000i\000s\000T\000h\000r\000e\000s\000h\000o\000l\000d\000i\000n\000g}{subsection.6.26.4}% 420
\BOOKMARK [3][-]{subsubsection.6.26.4.7}{\376\377\0006\000.\0002\0006\000.\0004\000.\0007\000\040\000r\000e\000s\000u\000l\000t\000s}{subsection.6.26.4}% 421
\BOOKMARK [1][-]{section.6.27}{\376\377\0006\000.\0002\0007\000\040\000V\000i\000d\000e\000o\000R\000e\000c\000o\000g\000n\000i\000t\000i\000o\000n\000\040\000C\000l\000a\000s\000s\000\040\000R\000e\000f\000e\000r\000e\000n\000c\000e}{chapter.6}% 422
\BOOKMARK [2][-]{subsection.6.27.1}{\376\377\0006\000.\0002\0007\000.\0001\000\040\000D\000e\000t\000a\000i\000l\000e\000d\000\040\000D\000e\000s\000c\000r\000i\000p\000t\000i\000o\000n}{section.6.27}% 423
\BOOKMARK [2][-]{subsection.6.27.2}{\376\377\0006\000.\0002\0007\000.\0002\000\040\000C\000o\000n\000s\000t\000r\000u\000c\000t\000o\000r\000\040\000\046\000\040\000D\000e\000s\000t\000r\000u\000c\000t\000o\000r\000\040\000D\000o\000c\000u\000m\000e\000n\000t\000a\000t\000i\000o\000n}{section.6.27}% 424
\BOOKMARK [3][-]{subsubsection.6.27.2.1}{\376\377\0006\000.\0002\0007\000.\0002\000.\0001\000\040\000V\000i\000d\000e\000o\000R\000e\000c\000o\000g\000n\000i\000t\000i\000o\000n\000\050\000\051}{subsection.6.27.2}% 425
\BOOKMARK [2][-]{subsection.6.27.3}{\376\377\0006\000.\0002\0007\000.\0003\000\040\000M\000e\000m\000b\000e\000r\000\040\000F\000u\000n\000c\000t\000i\000o\000n\000\040\000D\000o\000c\000u\000m\000e\000n\000t\000a\000t\000i\000o\000n}{section.6.27}% 426
\BOOKMARK [3][-]{subsubsection.6.27.3.1}{\376\377\0006\000.\0002\0007\000.\0003\000.\0001\000\040\000a\000n\000a\000l\000y\000z\000e\000V\000i\000d\000e\000o\000\050\000\051}{subsection.6.27.3}% 427
\BOOKMARK [3][-]{subsubsection.6.27.3.2}{\376\377\0006\000.\0002\0007\000.\0003\000.\0002\000\040\000d\000e\000t\000e\000c\000t\000S\000p\000e\000r\000m\000a\000t\000o\000z\000o\000a\000\050\000\051}{subsection.6.27.3}% 428
\BOOKMARK [3][-]{subsubsection.6.27.3.3}{\376\377\0006\000.\0002\0007\000.\0003\000.\0003\000\040\000i\000d\000e\000n\000f\000i\000t\000y\000T\000r\000a\000c\000k\000s\000\050\000\051}{subsection.6.27.3}% 429
\BOOKMARK [0][-]{chapter.7}{\376\377\0007\000\040\000F\000i\000l\000e\000\040\000D\000o\000c\000u\000m\000e\000n\000t\000a\000t\000i\000o\000n}{}% 430
\BOOKMARK [1][-]{section.7.1}{\376\377\0007\000.\0001\000\040\000C\000h\000e\000m\000o\000t\000a\000x\000i\000s\000.\000j\000a\000v\000a\000\040\000F\000i\000l\000e\000\040\000R\000e\000f\000e\000r\000e\000n\000c\000e}{chapter.7}% 431
\BOOKMARK [1][-]{section.7.2}{\376\377\0007\000.\0002\000\040\000C\000h\000e\000m\000o\000t\000a\000x\000i\000s\000.\000j\000a\000v\000a}{chapter.7}% 432
\BOOKMARK [1][-]{section.7.3}{\376\377\0007\000.\0003\000\040\000C\000o\000m\000p\000u\000t\000e\000r\000V\000i\000s\000i\000o\000n\000.\000j\000a\000v\000a\000\040\000F\000i\000l\000e\000\040\000R\000e\000f\000e\000r\000e\000n\000c\000e}{chapter.7}% 433
\BOOKMARK [1][-]{section.7.4}{\376\377\0007\000.\0004\000\040\000C\000o\000m\000p\000u\000t\000e\000r\000V\000i\000s\000i\000o\000n\000.\000j\000a\000v\000a}{chapter.7}% 434
\BOOKMARK [1][-]{section.7.5}{\376\377\0007\000.\0005\000\040\000F\000i\000l\000e\000M\000a\000n\000a\000g\000e\000r\000.\000j\000a\000v\000a\000\040\000F\000i\000l\000e\000\040\000R\000e\000f\000e\000r\000e\000n\000c\000e}{chapter.7}% 435
\BOOKMARK [1][-]{section.7.6}{\376\377\0007\000.\0006\000\040\000F\000i\000l\000e\000M\000a\000n\000a\000g\000e\000r\000.\000j\000a\000v\000a}{chapter.7}% 436
\BOOKMARK [1][-]{section.7.7}{\376\377\0007\000.\0007\000\040\000I\000m\000a\000g\000e\000A\000n\000a\000l\000y\000s\000i\000s\000W\000i\000n\000d\000o\000w\000.\000j\000a\000v\000a\000\040\000F\000i\000l\000e\000\040\000R\000e\000f\000e\000r\000e\000n\000c\000e}{chapter.7}% 437
\BOOKMARK [1][-]{section.7.8}{\376\377\0007\000.\0008\000\040\000I\000m\000a\000g\000e\000A\000n\000a\000l\000y\000s\000i\000s\000W\000i\000n\000d\000o\000w\000.\000j\000a\000v\000a}{chapter.7}% 438
\BOOKMARK [1][-]{section.7.9}{\376\377\0007\000.\0009\000\040\000K\000i\000n\000e\000m\000a\000t\000i\000c\000s\000.\000j\000a\000v\000a\000\040\000F\000i\000l\000e\000\040\000R\000e\000f\000e\000r\000e\000n\000c\000e}{chapter.7}% 439
\BOOKMARK [1][-]{section.7.10}{\376\377\0007\000.\0001\0000\000\040\000K\000i\000n\000e\000m\000a\000t\000i\000c\000s\000.\000j\000a\000v\000a}{chapter.7}% 440
\BOOKMARK [1][-]{section.7.11}{\376\377\0007\000.\0001\0001\000\040\000M\000a\000i\000n\000W\000i\000n\000d\000o\000w\000.\000j\000a\000v\000a\000\040\000F\000i\000l\000e\000\040\000R\000e\000f\000e\000r\000e\000n\000c\000e}{chapter.7}% 441
\BOOKMARK [1][-]{section.7.12}{\376\377\0007\000.\0001\0002\000\040\000M\000a\000i\000n\000W\000i\000n\000d\000o\000w\000.\000j\000a\000v\000a}{chapter.7}% 442
\BOOKMARK [1][-]{section.7.13}{\376\377\0007\000.\0001\0003\000\040\000M\000o\000r\000p\000h\000W\000i\000n\000d\000o\000w\000.\000j\000a\000v\000a\000\040\000F\000i\000l\000e\000\040\000R\000e\000f\000e\000r\000e\000n\000c\000e}{chapter.7}% 443
\BOOKMARK [1][-]{section.7.14}{\376\377\0007\000.\0001\0004\000\040\000M\000o\000r\000p\000h\000W\000i\000n\000d\000o\000w\000.\000j\000a\000v\000a}{chapter.7}% 444
\BOOKMARK [1][-]{section.7.15}{\376\377\0007\000.\0001\0005\000\040\000M\000o\000t\000i\000l\000i\000t\000y\000.\000j\000a\000v\000a\000\040\000F\000i\000l\000e\000\040\000R\000e\000f\000e\000r\000e\000n\000c\000e}{chapter.7}% 445
\BOOKMARK [1][-]{section.7.16}{\376\377\0007\000.\0001\0006\000\040\000M\000o\000t\000i\000l\000i\000t\000y\000.\000j\000a\000v\000a}{chapter.7}% 446
\BOOKMARK [1][-]{section.7.17}{\376\377\0007\000.\0001\0007\000\040\000O\000p\000e\000n\000C\000A\000S\000A\000\137\000.\000j\000a\000v\000a\000\040\000F\000i\000l\000e\000\040\000R\000e\000f\000e\000r\000e\000n\000c\000e}{chapter.7}% 447
\BOOKMARK [1][-]{section.7.18}{\376\377\0007\000.\0001\0008\000\040\000O\000p\000e\000n\000C\000A\000S\000A\000\137\000.\000j\000a\000v\000a}{chapter.7}% 448
\BOOKMARK [1][-]{section.7.19}{\376\377\0007\000.\0001\0009\000\040\000O\000s\000c\000i\000l\000l\000a\000t\000o\000r\000y\000W\000a\000l\000k\000e\000r\000.\000j\000a\000v\000a\000\040\000F\000i\000l\000e\000\040\000R\000e\000f\000e\000r\000e\000n\000c\000e}{chapter.7}% 449
\BOOKMARK [1][-]{section.7.20}{\376\377\0007\000.\0002\0000\000\040\000O\000s\000c\000i\000l\000l\000a\000t\000o\000r\000y\000W\000a\000l\000k\000e\000r\000.\000j\000a\000v\000a}{chapter.7}% 450
\BOOKMARK [1][-]{section.7.21}{\376\377\0007\000.\0002\0001\000\040\000P\000a\000i\000n\000t\000.\000j\000a\000v\000a\000\040\000F\000i\000l\000e\000\040\000R\000e\000f\000e\000r\000e\000n\000c\000e}{chapter.7}% 451
\BOOKMARK [1][-]{section.7.22}{\376\377\0007\000.\0002\0002\000\040\000P\000a\000i\000n\000t\000.\000j\000a\000v\000a}{chapter.7}% 452
\BOOKMARK [1][-]{section.7.23}{\376\377\0007\000.\0002\0003\000\040\000P\000a\000r\000a\000m\000s\000.\000j\000a\000v\000a\000\040\000F\000i\000l\000e\000\040\000R\000e\000f\000e\000r\000e\000n\000c\000e}{chapter.7}% 453
\BOOKMARK [1][-]{section.7.24}{\376\377\0007\000.\0002\0004\000\040\000P\000a\000r\000a\000m\000s\000.\000j\000a\000v\000a}{chapter.7}% 454
\BOOKMARK [1][-]{section.7.25}{\376\377\0007\000.\0002\0005\000\040\000P\000e\000r\000s\000i\000s\000t\000e\000n\000t\000R\000a\000n\000d\000o\000m\000W\000a\000l\000k\000e\000r\000.\000j\000a\000v\000a\000\040\000F\000i\000l\000e\000\040\000R\000e\000f\000e\000r\000e\000n\000c\000e}{chapter.7}% 455
\BOOKMARK [1][-]{section.7.26}{\376\377\0007\000.\0002\0006\000\040\000P\000e\000r\000s\000i\000s\000t\000e\000n\000t\000R\000a\000n\000d\000o\000m\000W\000a\000l\000k\000e\000r\000.\000j\000a\000v\000a}{chapter.7}% 456
\BOOKMARK [1][-]{section.7.27}{\376\377\0007\000.\0002\0007\000\040\000S\000e\000r\000i\000a\000l\000i\000z\000a\000b\000l\000e\000L\000i\000s\000t\000.\000j\000a\000v\000a\000\040\000F\000i\000l\000e\000\040\000R\000e\000f\000e\000r\000e\000n\000c\000e}{chapter.7}% 457
\BOOKMARK [1][-]{section.7.28}{\376\377\0007\000.\0002\0008\000\040\000S\000e\000r\000i\000a\000l\000i\000z\000a\000b\000l\000e\000L\000i\000s\000t\000.\000j\000a\000v\000a}{chapter.7}% 458
\BOOKMARK [1][-]{section.7.29}{\376\377\0007\000.\0002\0009\000\040\000S\000e\000t\000t\000i\000n\000g\000s\000W\000i\000n\000d\000o\000w\000.\000j\000a\000v\000a\000\040\000F\000i\000l\000e\000\040\000R\000e\000f\000e\000r\000e\000n\000c\000e}{chapter.7}% 459
\BOOKMARK [1][-]{section.7.30}{\376\377\0007\000.\0003\0000\000\040\000S\000e\000t\000t\000i\000n\000g\000s\000W\000i\000n\000d\000o\000w\000.\000j\000a\000v\000a}{chapter.7}% 460
\BOOKMARK [1][-]{section.7.31}{\376\377\0007\000.\0003\0001\000\040\000S\000i\000g\000n\000a\000l\000P\000r\000o\000c\000e\000s\000s\000i\000n\000g\000.\000j\000a\000v\000a\000\040\000F\000i\000l\000e\000\040\000R\000e\000f\000e\000r\000e\000n\000c\000e}{chapter.7}% 461
\BOOKMARK [1][-]{section.7.32}{\376\377\0007\000.\0003\0002\000\040\000S\000i\000g\000n\000a\000l\000P\000r\000o\000c\000e\000s\000s\000i\000n\000g\000.\000j\000a\000v\000a}{chapter.7}% 462
\BOOKMARK [1][-]{section.7.33}{\376\377\0007\000.\0003\0003\000\040\000S\000i\000m\000u\000l\000a\000t\000i\000o\000n\000.\000j\000a\000v\000a\000\040\000F\000i\000l\000e\000\040\000R\000e\000f\000e\000r\000e\000n\000c\000e}{chapter.7}% 463
\BOOKMARK [1][-]{section.7.34}{\376\377\0007\000.\0003\0004\000\040\000S\000i\000m\000u\000l\000a\000t\000i\000o\000n\000.\000j\000a\000v\000a}{chapter.7}% 464
\BOOKMARK [1][-]{section.7.35}{\376\377\0007\000.\0003\0005\000\040\000S\000p\000e\000r\000m\000a\000t\000o\000z\000o\000o\000n\000.\000j\000a\000v\000a\000\040\000F\000i\000l\000e\000\040\000R\000e\000f\000e\000r\000e\000n\000c\000e}{chapter.7}% 465
\BOOKMARK [1][-]{section.7.36}{\376\377\0007\000.\0003\0006\000\040\000S\000p\000e\000r\000m\000a\000t\000o\000z\000o\000o\000n\000.\000j\000a\000v\000a}{chapter.7}% 466
\BOOKMARK [1][-]{section.7.37}{\376\377\0007\000.\0003\0007\000\040\000T\000r\000i\000a\000l\000.\000j\000a\000v\000a\000\040\000F\000i\000l\000e\000\040\000R\000e\000f\000e\000r\000e\000n\000c\000e}{chapter.7}% 467
\BOOKMARK [1][-]{section.7.38}{\376\377\0007\000.\0003\0008\000\040\000T\000r\000i\000a\000l\000.\000j\000a\000v\000a}{chapter.7}% 468
\BOOKMARK [1][-]{section.7.39}{\376\377\0007\000.\0003\0009\000\040\000T\000r\000i\000a\000l\000M\000a\000n\000a\000g\000e\000r\000.\000j\000a\000v\000a\000\040\000F\000i\000l\000e\000\040\000R\000e\000f\000e\000r\000e\000n\000c\000e}{chapter.7}% 469
\BOOKMARK [1][-]{section.7.40}{\376\377\0007\000.\0004\0000\000\040\000T\000r\000i\000a\000l\000M\000a\000n\000a\000g\000e\000r\000.\000j\000a\000v\000a}{chapter.7}% 470
\BOOKMARK [1][-]{section.7.41}{\376\377\0007\000.\0004\0001\000\040\000U\000t\000i\000l\000s\000.\000j\000a\000v\000a\000\040\000F\000i\000l\000e\000\040\000R\000e\000f\000e\000r\000e\000n\000c\000e}{chapter.7}% 471
\BOOKMARK [1][-]{section.7.42}{\376\377\0007\000.\0004\0002\000\040\000U\000t\000i\000l\000s\000.\000j\000a\000v\000a}{chapter.7}% 472
\BOOKMARK [1][-]{section.7.43}{\376\377\0007\000.\0004\0003\000\040\000V\000i\000a\000b\000i\000l\000i\000t\000y\000W\000i\000n\000d\000o\000w\000.\000j\000a\000v\000a\000\040\000F\000i\000l\000e\000\040\000R\000e\000f\000e\000r\000e\000n\000c\000e}{chapter.7}% 473
\BOOKMARK [1][-]{section.7.44}{\376\377\0007\000.\0004\0004\000\040\000V\000i\000a\000b\000i\000l\000i\000t\000y\000W\000i\000n\000d\000o\000w\000.\000j\000a\000v\000a}{chapter.7}% 474
\BOOKMARK [1][-]{section.7.45}{\376\377\0007\000.\0004\0005\000\040\000V\000i\000d\000e\000o\000R\000e\000c\000o\000g\000n\000i\000t\000i\000o\000n\000.\000j\000a\000v\000a\000\040\000F\000i\000l\000e\000\040\000R\000e\000f\000e\000r\000e\000n\000c\000e}{chapter.7}% 475
\BOOKMARK [1][-]{section.7.46}{\376\377\0007\000.\0004\0006\000\040\000V\000i\000d\000e\000o\000R\000e\000c\000o\000g\000n\000i\000t\000i\000o\000n\000.\000j\000a\000v\000a}{chapter.7}% 476
\BOOKMARK [0][-]{section*.127}{\376\377\000I\000n\000d\000e\000x}{}% 477
